This file contains any messages produced by compilers while
running configure, to aid debugging if configure makes a mistake.

It was created by ViennaRNA configure 2.4.18, which was
generated by GNU Autoconf 2.71.  Invocation command line was

  $ ./configure --prefix=/Users/devpatelio/foldingoptimizer/seqs

## --------- ##
## Platform. ##
## --------- ##

hostname = Develios-MacBook-Pro.local
uname -m = x86_64
uname -r = 20.6.0
uname -s = Darwin
uname -v = Darwin Kernel Version 20.6.0: Mon Aug 30 06:12:21 PDT 2021; root:xnu-7195.141.6~3/RELEASE_X86_64

/usr/bin/uname -p = i386
/bin/uname -X     = unknown

/bin/arch              = unknown
/usr/bin/arch -k       = unknown
/usr/convex/getsysinfo = unknown
/usr/bin/hostinfo      = Mach kernel version:
	 Darwin Kernel Version 20.6.0: Mon Aug 30 06:12:21 PDT 2021; root:xnu-7195.141.6~3/RELEASE_X86_64
Kernel configured for up to 12 processors.
6 processors are physically available.
12 processors are logically available.
Processor type: x86_64h (Intel x86-64h Haswell)
Processors active: 0 1 2 3 4 5 6 7 8 9 10 11
Primary memory available: 32.00 gigabytes
Default processor set: 647 tasks, 3792 threads, 12 processors
Load average: 2.72, Mach factor: 9.26
/bin/machine           = unknown
/usr/bin/oslevel       = unknown
/bin/universe          = unknown

PATH: /Users/devpatelio/google-cloud-sdk/bin/
PATH: /Library/Frameworks/Python.framework/Versions/3.9/bin/
PATH: /usr/local/bin/
PATH: /usr/bin/
PATH: /bin/
PATH: /usr/sbin/
PATH: /sbin/
PATH: /Library/TeX/texbin/
PATH: /Users/devpatelio/google-cloud-sdk/bin/
PATH: /Users/devpatelio/miniconda3/bin/
PATH: /Users/devpatelio/miniconda3/condabin/
PATH: /Library/Frameworks/Python.framework/Versions/3.9/bin/


## ----------- ##
## Core tests. ##
## ----------- ##

configure:3318: looking for aux files: ltmain.sh ar-lib config.guess config.sub missing install-sh compile
configure:3331:  trying ./config/
configure:3360:   ./config/ltmain.sh found
configure:3360:   ./config/ar-lib found
configure:3360:   ./config/config.guess found
configure:3360:   ./config/config.sub found
configure:3360:   ./config/missing found
configure:3342:   ./config/install-sh found
configure:3360:   ./config/compile found
configure:3545: checking for gcc
configure:3566: found /usr/bin/gcc
configure:3577: result: gcc
configure:3930: checking for C compiler version
configure:3939: gcc --version >&5
Apple clang version 12.0.0 (clang-1200.0.32.21)
Target: x86_64-apple-darwin20.6.0
Thread model: posix
InstalledDir: /Library/Developer/CommandLineTools/usr/bin
Configured with: --prefix=/Library/Developer/CommandLineTools/usr --with-gxx-include-dir=/Library/Developer/CommandLineTools/SDKs/MacOSX.sdk/usr/include/c++/4.2.1
configure:3950: $? = 0
configure:3939: gcc -v >&5
Configured with: --prefix=/Library/Developer/CommandLineTools/usr --with-gxx-include-dir=/Library/Developer/CommandLineTools/SDKs/MacOSX.sdk/usr/include/c++/4.2.1
Apple clang version 12.0.0 (clang-1200.0.32.21)
Target: x86_64-apple-darwin20.6.0
Thread model: posix
InstalledDir: /Library/Developer/CommandLineTools/usr/bin
configure:3950: $? = 0
configure:3939: gcc -V >&5
clang: error: argument to '-V' is missing (expected 1 value)
clang: error: no input files
configure:3950: $? = 1
configure:3939: gcc -qversion >&5
clang: error: unknown argument '-qversion'; did you mean '--version'?
clang: error: no input files
configure:3950: $? = 1
configure:3939: gcc -version >&5
clang: error: unknown argument '-version'; did you mean '--version'?
clang: error: no input files
configure:3950: $? = 1
configure:3970: checking whether the C compiler works
configure:3992: gcc    conftest.c  >&5
configure:3996: $? = 0
configure:4046: result: yes
configure:4049: checking for C compiler default output file name
configure:4051: result: a.out
configure:4057: checking for suffix of executables
configure:4064: gcc -o conftest    conftest.c  >&5
configure:4068: $? = 0
configure:4091: result: 
configure:4113: checking whether we are cross compiling
configure:4121: gcc -o conftest    conftest.c  >&5
configure:4125: $? = 0
configure:4132: ./conftest
configure:4136: $? = 0
configure:4151: result: no
configure:4156: checking for suffix of object files
configure:4179: gcc -c   conftest.c >&5
configure:4183: $? = 0
configure:4205: result: o
configure:4209: checking whether the compiler supports GNU C
configure:4229: gcc -c   conftest.c >&5
configure:4229: $? = 0
configure:4239: result: yes
configure:4250: checking whether gcc accepts -g
configure:4271: gcc -c -g  conftest.c >&5
configure:4271: $? = 0
configure:4315: result: yes
configure:4335: checking for gcc option to enable C11 features
configure:4350: gcc  -c -g -O2  conftest.c >&5
configure:4350: $? = 0
configure:4368: result: none needed
configure:4484: checking whether gcc understands -c and -o together
configure:4507: gcc -c conftest.c -o conftest2.o
configure:4510: $? = 0
configure:4507: gcc -c conftest.c -o conftest2.o
configure:4510: $? = 0
configure:4522: result: yes
configure:4544: checking for stdio.h
configure:4544: gcc -c -g -O2  conftest.c >&5
configure:4544: $? = 0
configure:4544: result: yes
configure:4544: checking for stdlib.h
configure:4544: gcc -c -g -O2  conftest.c >&5
configure:4544: $? = 0
configure:4544: result: yes
configure:4544: checking for string.h
configure:4544: gcc -c -g -O2  conftest.c >&5
configure:4544: $? = 0
configure:4544: result: yes
configure:4544: checking for inttypes.h
configure:4544: gcc -c -g -O2  conftest.c >&5
configure:4544: $? = 0
configure:4544: result: yes
configure:4544: checking for stdint.h
configure:4544: gcc -c -g -O2  conftest.c >&5
configure:4544: $? = 0
configure:4544: result: yes
configure:4544: checking for strings.h
configure:4544: gcc -c -g -O2  conftest.c >&5
configure:4544: $? = 0
configure:4544: result: yes
configure:4544: checking for sys/stat.h
configure:4544: gcc -c -g -O2  conftest.c >&5
configure:4544: $? = 0
configure:4544: result: yes
configure:4544: checking for sys/types.h
configure:4544: gcc -c -g -O2  conftest.c >&5
configure:4544: $? = 0
configure:4544: result: yes
configure:4544: checking for unistd.h
configure:4544: gcc -c -g -O2  conftest.c >&5
configure:4544: $? = 0
configure:4544: result: yes
configure:4544: checking for wchar.h
configure:4544: gcc -c -g -O2  conftest.c >&5
configure:4544: $? = 0
configure:4544: result: yes
configure:4544: checking for minix/config.h
configure:4544: gcc -c -g -O2  conftest.c >&5
conftest.c:47:10: fatal error: 'minix/config.h' file not found
#include <minix/config.h>
         ^~~~~~~~~~~~~~~~
1 error generated.
configure:4544: $? = 1
configure: failed program was:
| /* confdefs.h */
| #define PACKAGE_NAME "ViennaRNA"
| #define PACKAGE_TARNAME "ViennaRNA"
| #define PACKAGE_VERSION "2.4.18"
| #define PACKAGE_STRING "ViennaRNA 2.4.18"
| #define PACKAGE_BUGREPORT "rna@tbi.univie.ac.at"
| #define PACKAGE_URL "http://www.tbi.univie.ac.at/RNA"
| #define HAVE_STDIO_H 1
| #define HAVE_STDLIB_H 1
| #define HAVE_STRING_H 1
| #define HAVE_INTTYPES_H 1
| #define HAVE_STDINT_H 1
| #define HAVE_STRINGS_H 1
| #define HAVE_SYS_STAT_H 1
| #define HAVE_SYS_TYPES_H 1
| #define HAVE_UNISTD_H 1
| #define HAVE_WCHAR_H 1
| /* end confdefs.h.  */
| #include <stddef.h>
| #ifdef HAVE_STDIO_H
| # include <stdio.h>
| #endif
| #ifdef HAVE_STDLIB_H
| # include <stdlib.h>
| #endif
| #ifdef HAVE_STRING_H
| # include <string.h>
| #endif
| #ifdef HAVE_INTTYPES_H
| # include <inttypes.h>
| #endif
| #ifdef HAVE_STDINT_H
| # include <stdint.h>
| #endif
| #ifdef HAVE_STRINGS_H
| # include <strings.h>
| #endif
| #ifdef HAVE_SYS_TYPES_H
| # include <sys/types.h>
| #endif
| #ifdef HAVE_SYS_STAT_H
| # include <sys/stat.h>
| #endif
| #ifdef HAVE_UNISTD_H
| # include <unistd.h>
| #endif
| #include <minix/config.h>
configure:4544: result: no
configure:4575: checking whether it is safe to define __EXTENSIONS__
configure:4594: gcc -c -g -O2  conftest.c >&5
configure:4594: $? = 0
configure:4602: result: yes
configure:4605: checking whether _XOPEN_SOURCE should be defined
configure:4627: gcc -c -g -O2  conftest.c >&5
configure:4627: $? = 0
configure:4654: result: no
configure:4724: checking whether make supports nested variables
configure:4742: result: yes
configure:4770: checking for a BSD-compatible install
configure:4843: result: /usr/bin/install -c
configure:4854: checking whether build environment is sane
configure:4909: result: yes
configure:5064: checking for a race-free mkdir -p
configure:5108: result: ./config/install-sh -c -d
configure:5115: checking for gawk
configure:5150: result: no
configure:5115: checking for mawk
configure:5150: result: no
configure:5115: checking for nawk
configure:5150: result: no
configure:5115: checking for awk
configure:5136: found /usr/bin/awk
configure:5147: result: awk
configure:5158: checking whether make sets $(MAKE)
configure:5181: result: yes
configure:5203: checking whether make supports the include directive
configure:5218: make -f confmf.GNU && cat confinc.out
this is the am__doit target
configure:5221: $? = 0
configure:5240: result: yes (GNU style)
configure:5333: checking dependency style of gcc
configure:5445: result: gcc3
configure:5507: checking if malloc debugging is wanted
configure:5526: result: no
configure:5541: checking build system type
configure:5556: result: x86_64-apple-darwin20.6.0
configure:5576: checking host system type
configure:5590: result: x86_64-apple-darwin20.6.0
configure:5680: checking for g++
configure:5701: found /usr/bin/g++
configure:5712: result: g++
configure:5739: checking for C++ compiler version
configure:5748: g++ --version >&5
Apple clang version 12.0.0 (clang-1200.0.32.21)
Target: x86_64-apple-darwin20.6.0
Thread model: posix
InstalledDir: /Library/Developer/CommandLineTools/usr/bin
Configured with: --prefix=/Library/Developer/CommandLineTools/usr --with-gxx-include-dir=/Library/Developer/CommandLineTools/SDKs/MacOSX.sdk/usr/include/c++/4.2.1
configure:5759: $? = 0
configure:5748: g++ -v >&5
Configured with: --prefix=/Library/Developer/CommandLineTools/usr --with-gxx-include-dir=/Library/Developer/CommandLineTools/SDKs/MacOSX.sdk/usr/include/c++/4.2.1
Apple clang version 12.0.0 (clang-1200.0.32.21)
Target: x86_64-apple-darwin20.6.0
Thread model: posix
InstalledDir: /Library/Developer/CommandLineTools/usr/bin
configure:5759: $? = 0
configure:5748: g++ -V >&5
clang: error: argument to '-V' is missing (expected 1 value)
clang: error: no input files
configure:5759: $? = 1
configure:5748: g++ -qversion >&5
clang: error: unknown argument '-qversion'; did you mean '--version'?
clang: error: no input files
configure:5759: $? = 1
configure:5763: checking whether the compiler supports GNU C++
configure:5783: g++ -c   conftest.cpp >&5
configure:5783: $? = 0
configure:5793: result: yes
configure:5804: checking whether g++ accepts -g
configure:5825: g++ -c -g  conftest.cpp >&5
configure:5825: $? = 0
configure:5869: result: yes
configure:5889: checking for g++ option to enable C++11 features
configure:5904: g++  -c -g -O2  conftest.cpp >&5
conftest.cpp:84:3: error: "Compiler does not advertise C++11 conformance"
# error "Compiler does not advertise C++11 conformance"
  ^
conftest.cpp:89:3: error: unknown type name 'constexpr'
  constexpr int get_val() { return 20; }
  ^
conftest.cpp:101:17: error: delegating constructors are permitted only in C++11
    delegate(): delegate(2354) {}
                ^~~~~~~~
conftest.cpp:112:26: warning: 'override' keyword is a C++11 extension [-Wc++11-extensions]
    virtual int getval() override final { return this->n * 2; }
                         ^
conftest.cpp:112:35: warning: 'final' keyword is a C++11 extension [-Wc++11-extensions]
    virtual int getval() override final { return this->n * 2; }
                                  ^
conftest.cpp:119:16: warning: defaulted function definitions are a C++11 extension [-Wc++11-extensions]
    nocopy() = default;
               ^
conftest.cpp:120:29: warning: deleted function definitions are a C++11 extension [-Wc++11-extensions]
    nocopy(const nocopy&) = delete;
                            ^
conftest.cpp:121:41: warning: deleted function definitions are a C++11 extension [-Wc++11-extensions]
    nocopy & operator=(const nocopy&) = delete;
                                        ^
conftest.cpp:133:25: warning: 'auto' type specifier is a C++11 extension [-Wc++11-extensions]
  template <typename V> auto sum(V first) -> V
                        ^
conftest.cpp:133:25: error: 'auto' not allowed in function return type
  template <typename V> auto sum(V first) -> V
                        ^~~~
conftest.cpp:133:42: error: expected ';' at end of declaration
  template <typename V> auto sum(V first) -> V
                                         ^
                                         ;
conftest.cpp:133:43: error: cannot use arrow operator on a type
  template <typename V> auto sum(V first) -> V
                                          ^
conftest.cpp:137:33: warning: variadic templates are a C++11 extension [-Wc++11-extensions]
  template <typename V, typename... Args> auto sum(V first, Args... rest) -> V
                                ^
conftest.cpp:137:43: warning: 'auto' type specifier is a C++11 extension [-Wc++11-extensions]
  template <typename V, typename... Args> auto sum(V first, Args... rest) -> V
                                          ^
conftest.cpp:137:43: error: 'auto' not allowed in function return type
  template <typename V, typename... Args> auto sum(V first, Args... rest) -> V
                                          ^~~~
conftest.cpp:137:74: error: expected ';' at end of declaration
  template <typename V, typename... Args> auto sum(V first, Args... rest) -> V
                                                                         ^
                                                                         ;
conftest.cpp:137:75: error: cannot use arrow operator on a type
  template <typename V, typename... Args> auto sum(V first, Args... rest) -> V
                                                                          ^
conftest.cpp:161:3: warning: 'auto' type specifier is a C++11 extension [-Wc++11-extensions]
  auto a1 = 6538;
  ^
conftest.cpp:162:3: warning: 'auto' type specifier is a C++11 extension [-Wc++11-extensions]
  auto a2 = 48573953.4;
  ^
conftest.cpp:163:3: warning: 'auto' type specifier is a C++11 extension [-Wc++11-extensions]
  auto a3 = "String literal";
  ^
conftest.cpp:166:8: warning: 'auto' type specifier is a C++11 extension [-Wc++11-extensions]
  for (auto i = a3; *i; ++i) { total += *i; }
       ^
conftest.cpp:182:8: warning: 'auto' type specifier is a C++11 extension [-Wc++11-extensions]
  for (auto &x : array) { x += 23; }
       ^
conftest.cpp:182:16: warning: range-based for loop is a C++11 extension [-Wc++11-extensions]
  for (auto &x : array) { x += 23; }
               ^
conftest.cpp:187:17: error: expected expression
  assert (eval ([](int x) { return x*2; }, 21) == 42);
                ^
conftest.cpp:189:17: error: expected expression
  assert (eval ([&](double x) { return d += x; }, 3.0) == 5.0);
                ^
conftest.cpp:191:17: error: expected expression
  assert (eval ([=](double x) mutable { return d += x; }, 4.0) == 9.0);
                ^
conftest.cpp:197:3: warning: 'auto' type specifier is a C++11 extension [-Wc++11-extensions]
  auto a = sum(1);
  ^
conftest.cpp:197:12: error: no matching function for call to 'sum'
  auto a = sum(1);
           ^~~
conftest.cpp:198:3: warning: 'auto' type specifier is a C++11 extension [-Wc++11-extensions]
  auto b = sum(1, 2);
  ^
conftest.cpp:198:12: error: no matching function for call to 'sum'
  auto b = sum(1, 2);
           ^~~
conftest.cpp:199:3: warning: 'auto' type specifier is a C++11 extension [-Wc++11-extensions]
  auto c = sum(1.0, 2.0, 3.0);
  ^
conftest.cpp:199:12: error: no matching function for call to 'sum'
  auto c = sum(1.0, 2.0, 3.0);
           ^~~
conftest.cpp:204:25: warning: empty parentheses interpreted as a function declaration [-Wvexing-parse]
  cxx11test::delegate d2();
                        ^~
conftest.cpp:204:25: note: remove parentheses to declare a variable
  cxx11test::delegate d2();
                        ^~
conftest.cpp:217:16: error: found '<::' after a template name which forms the digraph '<:' (aka '[') and a ':', did you mean '< ::'?
  test_template<::test_template<int>> v(test_template<int>(12));
               ^~~
               < ::
conftest.cpp:217:36: error: a space is required between consecutive right angle brackets (use '> >')
  test_template<::test_template<int>> v(test_template<int>(12));
                                   ^~
                                   > >
conftest.cpp:221:22: error: use of undeclared identifier 'u8'
  char const *utf8 = u8"UTF-8 string \u2500";
                     ^
conftest.cpp:221:24: error: expected ';' at end of declaration
  char const *utf8 = u8"UTF-8 string \u2500";
                       ^
                       ;
fatal error: too many errors emitted, stopping now [-ferror-limit=]
18 warnings and 20 errors generated.
configure:5904: $? = 1
configure: failed program was:
| /* confdefs.h */
| #define PACKAGE_NAME "ViennaRNA"
| #define PACKAGE_TARNAME "ViennaRNA"
| #define PACKAGE_VERSION "2.4.18"
| #define PACKAGE_STRING "ViennaRNA 2.4.18"
| #define PACKAGE_BUGREPORT "rna@tbi.univie.ac.at"
| #define PACKAGE_URL "http://www.tbi.univie.ac.at/RNA"
| #define HAVE_STDIO_H 1
| #define HAVE_STDLIB_H 1
| #define HAVE_STRING_H 1
| #define HAVE_INTTYPES_H 1
| #define HAVE_STDINT_H 1
| #define HAVE_STRINGS_H 1
| #define HAVE_SYS_STAT_H 1
| #define HAVE_SYS_TYPES_H 1
| #define HAVE_UNISTD_H 1
| #define HAVE_WCHAR_H 1
| #define STDC_HEADERS 1
| #define _ALL_SOURCE 1
| #define _DARWIN_C_SOURCE 1
| #define _GNU_SOURCE 1
| #define _HPUX_ALT_XOPEN_SOCKET_API 1
| #define _NETBSD_SOURCE 1
| #define _OPENBSD_SOURCE 1
| #define _POSIX_PTHREAD_SEMANTICS 1
| #define __STDC_WANT_IEC_60559_ATTRIBS_EXT__ 1
| #define __STDC_WANT_IEC_60559_BFP_EXT__ 1
| #define __STDC_WANT_IEC_60559_DFP_EXT__ 1
| #define __STDC_WANT_IEC_60559_FUNCS_EXT__ 1
| #define __STDC_WANT_IEC_60559_TYPES_EXT__ 1
| #define __STDC_WANT_LIB_EXT2__ 1
| #define __STDC_WANT_MATH_SPEC_FUNCS__ 1
| #define _TANDEM_SOURCE 1
| #define __EXTENSIONS__ 1
| #define PACKAGE "ViennaRNA"
| #define VERSION "2.4.18"
| /* end confdefs.h.  */
| 
| // Does the compiler advertise C++98 conformance?
| #if !defined __cplusplus || __cplusplus < 199711L
| # error "Compiler does not advertise C++98 conformance"
| #endif
| 
| // These inclusions are to reject old compilers that
| // lack the unsuffixed header files.
| #include <cstdlib>
| #include <exception>
| 
| // <cassert> and <cstring> are *not* freestanding headers in C++98.
| extern void assert (int);
| namespace std {
|   extern int strcmp (const char *, const char *);
| }
| 
| // Namespaces, exceptions, and templates were all added after "C++ 2.0".
| using std::exception;
| using std::strcmp;
| 
| namespace {
| 
| void test_exception_syntax()
| {
|   try {
|     throw "test";
|   } catch (const char *s) {
|     // Extra parentheses suppress a warning when building autoconf itself,
|     // due to lint rules shared with more typical C programs.
|     assert (!(strcmp) (s, "test"));
|   }
| }
| 
| template <typename T> struct test_template
| {
|   T const val;
|   explicit test_template(T t) : val(t) {}
|   template <typename U> T add(U u) { return static_cast<T>(u) + val; }
| };
| 
| } // anonymous namespace
| 
| 
| // Does the compiler advertise C++ 2011 conformance?
| #if !defined __cplusplus || __cplusplus < 201103L
| # error "Compiler does not advertise C++11 conformance"
| #endif
| 
| namespace cxx11test
| {
|   constexpr int get_val() { return 20; }
| 
|   struct testinit
|   {
|     int i;
|     double d;
|   };
| 
|   class delegate
|   {
|   public:
|     delegate(int n) : n(n) {}
|     delegate(): delegate(2354) {}
| 
|     virtual int getval() { return this->n; };
|   protected:
|     int n;
|   };
| 
|   class overridden : public delegate
|   {
|   public:
|     overridden(int n): delegate(n) {}
|     virtual int getval() override final { return this->n * 2; }
|   };
| 
|   class nocopy
|   {
|   public:
|     nocopy(int i): i(i) {}
|     nocopy() = default;
|     nocopy(const nocopy&) = delete;
|     nocopy & operator=(const nocopy&) = delete;
|   private:
|     int i;
|   };
| 
|   // for testing lambda expressions
|   template <typename Ret, typename Fn> Ret eval(Fn f, Ret v)
|   {
|     return f(v);
|   }
| 
|   // for testing variadic templates and trailing return types
|   template <typename V> auto sum(V first) -> V
|   {
|     return first;
|   }
|   template <typename V, typename... Args> auto sum(V first, Args... rest) -> V
|   {
|     return first + sum(rest...);
|   }
| }
| 
| 
| int
| main (int argc, char **argv)
| {
|   int ok = 0;
|   
|   assert (argc);
|   assert (! argv[0]);
| {
|   test_exception_syntax ();
|   test_template<double> tt (2.0);
|   assert (tt.add (4) == 6.0);
|   assert (true && !false);
| }
| 
|   
| {
|   // Test auto and decltype
|   auto a1 = 6538;
|   auto a2 = 48573953.4;
|   auto a3 = "String literal";
| 
|   int total = 0;
|   for (auto i = a3; *i; ++i) { total += *i; }
| 
|   decltype(a2) a4 = 34895.034;
| }
| {
|   // Test constexpr
|   short sa[cxx11test::get_val()] = { 0 };
| }
| {
|   // Test initializer lists
|   cxx11test::testinit il = { 4323, 435234.23544 };
| }
| {
|   // Test range-based for
|   int array[] = {9, 7, 13, 15, 4, 18, 12, 10, 5, 3,
|                  14, 19, 17, 8, 6, 20, 16, 2, 11, 1};
|   for (auto &x : array) { x += 23; }
| }
| {
|   // Test lambda expressions
|   using cxx11test::eval;
|   assert (eval ([](int x) { return x*2; }, 21) == 42);
|   double d = 2.0;
|   assert (eval ([&](double x) { return d += x; }, 3.0) == 5.0);
|   assert (d == 5.0);
|   assert (eval ([=](double x) mutable { return d += x; }, 4.0) == 9.0);
|   assert (d == 5.0);
| }
| {
|   // Test use of variadic templates
|   using cxx11test::sum;
|   auto a = sum(1);
|   auto b = sum(1, 2);
|   auto c = sum(1.0, 2.0, 3.0);
| }
| {
|   // Test constructor delegation
|   cxx11test::delegate d1;
|   cxx11test::delegate d2();
|   cxx11test::delegate d3(45);
| }
| {
|   // Test override and final
|   cxx11test::overridden o1(55464);
| }
| {
|   // Test nullptr
|   char *c = nullptr;
| }
| {
|   // Test template brackets
|   test_template<::test_template<int>> v(test_template<int>(12));
| }
| {
|   // Unicode literals
|   char const *utf8 = u8"UTF-8 string \u2500";
|   char16_t const *utf16 = u"UTF-8 string \u2500";
|   char32_t const *utf32 = U"UTF-32 string \u2500";
| }
| 
|   return ok;
| }
| 
configure:5922: result: none needed
configure:5988: checking dependency style of g++
configure:6100: result: gcc3
configure:6120: checking how to run the C++ preprocessor
configure:6142: g++ -E  conftest.cpp
configure:6142: $? = 0
configure:6157: g++ -E  conftest.cpp
conftest.cpp:38:10: fatal error: 'ac_nonexistent.h' file not found
#include <ac_nonexistent.h>
         ^~~~~~~~~~~~~~~~~~
1 error generated.
configure:6157: $? = 1
configure: failed program was:
| /* confdefs.h */
| #define PACKAGE_NAME "ViennaRNA"
| #define PACKAGE_TARNAME "ViennaRNA"
| #define PACKAGE_VERSION "2.4.18"
| #define PACKAGE_STRING "ViennaRNA 2.4.18"
| #define PACKAGE_BUGREPORT "rna@tbi.univie.ac.at"
| #define PACKAGE_URL "http://www.tbi.univie.ac.at/RNA"
| #define HAVE_STDIO_H 1
| #define HAVE_STDLIB_H 1
| #define HAVE_STRING_H 1
| #define HAVE_INTTYPES_H 1
| #define HAVE_STDINT_H 1
| #define HAVE_STRINGS_H 1
| #define HAVE_SYS_STAT_H 1
| #define HAVE_SYS_TYPES_H 1
| #define HAVE_UNISTD_H 1
| #define HAVE_WCHAR_H 1
| #define STDC_HEADERS 1
| #define _ALL_SOURCE 1
| #define _DARWIN_C_SOURCE 1
| #define _GNU_SOURCE 1
| #define _HPUX_ALT_XOPEN_SOCKET_API 1
| #define _NETBSD_SOURCE 1
| #define _OPENBSD_SOURCE 1
| #define _POSIX_PTHREAD_SEMANTICS 1
| #define __STDC_WANT_IEC_60559_ATTRIBS_EXT__ 1
| #define __STDC_WANT_IEC_60559_BFP_EXT__ 1
| #define __STDC_WANT_IEC_60559_DFP_EXT__ 1
| #define __STDC_WANT_IEC_60559_FUNCS_EXT__ 1
| #define __STDC_WANT_IEC_60559_TYPES_EXT__ 1
| #define __STDC_WANT_LIB_EXT2__ 1
| #define __STDC_WANT_MATH_SPEC_FUNCS__ 1
| #define _TANDEM_SOURCE 1
| #define __EXTENSIONS__ 1
| #define PACKAGE "ViennaRNA"
| #define VERSION "2.4.18"
| /* end confdefs.h.  */
| #include <ac_nonexistent.h>
configure:6184: result: g++ -E
configure:6198: g++ -E  conftest.cpp
configure:6198: $? = 0
configure:6213: g++ -E  conftest.cpp
conftest.cpp:38:10: fatal error: 'ac_nonexistent.h' file not found
#include <ac_nonexistent.h>
         ^~~~~~~~~~~~~~~~~~
1 error generated.
configure:6213: $? = 1
configure: failed program was:
| /* confdefs.h */
| #define PACKAGE_NAME "ViennaRNA"
| #define PACKAGE_TARNAME "ViennaRNA"
| #define PACKAGE_VERSION "2.4.18"
| #define PACKAGE_STRING "ViennaRNA 2.4.18"
| #define PACKAGE_BUGREPORT "rna@tbi.univie.ac.at"
| #define PACKAGE_URL "http://www.tbi.univie.ac.at/RNA"
| #define HAVE_STDIO_H 1
| #define HAVE_STDLIB_H 1
| #define HAVE_STRING_H 1
| #define HAVE_INTTYPES_H 1
| #define HAVE_STDINT_H 1
| #define HAVE_STRINGS_H 1
| #define HAVE_SYS_STAT_H 1
| #define HAVE_SYS_TYPES_H 1
| #define HAVE_UNISTD_H 1
| #define HAVE_WCHAR_H 1
| #define STDC_HEADERS 1
| #define _ALL_SOURCE 1
| #define _DARWIN_C_SOURCE 1
| #define _GNU_SOURCE 1
| #define _HPUX_ALT_XOPEN_SOCKET_API 1
| #define _NETBSD_SOURCE 1
| #define _OPENBSD_SOURCE 1
| #define _POSIX_PTHREAD_SEMANTICS 1
| #define __STDC_WANT_IEC_60559_ATTRIBS_EXT__ 1
| #define __STDC_WANT_IEC_60559_BFP_EXT__ 1
| #define __STDC_WANT_IEC_60559_DFP_EXT__ 1
| #define __STDC_WANT_IEC_60559_FUNCS_EXT__ 1
| #define __STDC_WANT_IEC_60559_TYPES_EXT__ 1
| #define __STDC_WANT_LIB_EXT2__ 1
| #define __STDC_WANT_MATH_SPEC_FUNCS__ 1
| #define _TANDEM_SOURCE 1
| #define __EXTENSIONS__ 1
| #define PACKAGE "ViennaRNA"
| #define VERSION "2.4.18"
| /* end confdefs.h.  */
| #include <ac_nonexistent.h>
configure:6296: checking for gcc
configure:6328: result: gcc
configure:6681: checking for C compiler version
configure:6690: gcc --version >&5
Apple clang version 12.0.0 (clang-1200.0.32.21)
Target: x86_64-apple-darwin20.6.0
Thread model: posix
InstalledDir: /Library/Developer/CommandLineTools/usr/bin
Configured with: --prefix=/Library/Developer/CommandLineTools/usr --with-gxx-include-dir=/Library/Developer/CommandLineTools/SDKs/MacOSX.sdk/usr/include/c++/4.2.1
configure:6701: $? = 0
configure:6690: gcc -v >&5
Configured with: --prefix=/Library/Developer/CommandLineTools/usr --with-gxx-include-dir=/Library/Developer/CommandLineTools/SDKs/MacOSX.sdk/usr/include/c++/4.2.1
Apple clang version 12.0.0 (clang-1200.0.32.21)
Target: x86_64-apple-darwin20.6.0
Thread model: posix
InstalledDir: /Library/Developer/CommandLineTools/usr/bin
configure:6701: $? = 0
configure:6690: gcc -V >&5
clang: error: argument to '-V' is missing (expected 1 value)
clang: error: no input files
configure:6701: $? = 1
configure:6690: gcc -qversion >&5
clang: error: unknown argument '-qversion'; did you mean '--version'?
clang: error: no input files
configure:6701: $? = 1
configure:6690: gcc -version >&5
clang: error: unknown argument '-version'; did you mean '--version'?
clang: error: no input files
configure:6701: $? = 1
configure:6705: checking whether the compiler supports GNU C
configure:6735: result: yes
configure:6746: checking whether gcc accepts -g
configure:6811: result: yes
configure:6831: checking for gcc option to enable C11 features
configure:6864: result: none needed
configure:6980: checking whether gcc understands -c and -o together
configure:7018: result: yes
configure:7040: checking how to run the C preprocessor
configure:7066: gcc -E  conftest.c
configure:7066: $? = 0
configure:7081: gcc -E  conftest.c
conftest.c:38:10: fatal error: 'ac_nonexistent.h' file not found
#include <ac_nonexistent.h>
         ^~~~~~~~~~~~~~~~~~
1 error generated.
configure:7081: $? = 1
configure: failed program was:
| /* confdefs.h */
| #define PACKAGE_NAME "ViennaRNA"
| #define PACKAGE_TARNAME "ViennaRNA"
| #define PACKAGE_VERSION "2.4.18"
| #define PACKAGE_STRING "ViennaRNA 2.4.18"
| #define PACKAGE_BUGREPORT "rna@tbi.univie.ac.at"
| #define PACKAGE_URL "http://www.tbi.univie.ac.at/RNA"
| #define HAVE_STDIO_H 1
| #define HAVE_STDLIB_H 1
| #define HAVE_STRING_H 1
| #define HAVE_INTTYPES_H 1
| #define HAVE_STDINT_H 1
| #define HAVE_STRINGS_H 1
| #define HAVE_SYS_STAT_H 1
| #define HAVE_SYS_TYPES_H 1
| #define HAVE_UNISTD_H 1
| #define HAVE_WCHAR_H 1
| #define STDC_HEADERS 1
| #define _ALL_SOURCE 1
| #define _DARWIN_C_SOURCE 1
| #define _GNU_SOURCE 1
| #define _HPUX_ALT_XOPEN_SOCKET_API 1
| #define _NETBSD_SOURCE 1
| #define _OPENBSD_SOURCE 1
| #define _POSIX_PTHREAD_SEMANTICS 1
| #define __STDC_WANT_IEC_60559_ATTRIBS_EXT__ 1
| #define __STDC_WANT_IEC_60559_BFP_EXT__ 1
| #define __STDC_WANT_IEC_60559_DFP_EXT__ 1
| #define __STDC_WANT_IEC_60559_FUNCS_EXT__ 1
| #define __STDC_WANT_IEC_60559_TYPES_EXT__ 1
| #define __STDC_WANT_LIB_EXT2__ 1
| #define __STDC_WANT_MATH_SPEC_FUNCS__ 1
| #define _TANDEM_SOURCE 1
| #define __EXTENSIONS__ 1
| #define PACKAGE "ViennaRNA"
| #define VERSION "2.4.18"
| /* end confdefs.h.  */
| #include <ac_nonexistent.h>
configure:7108: result: gcc -E
configure:7122: gcc -E  conftest.c
configure:7122: $? = 0
configure:7137: gcc -E  conftest.c
conftest.c:38:10: fatal error: 'ac_nonexistent.h' file not found
#include <ac_nonexistent.h>
         ^~~~~~~~~~~~~~~~~~
1 error generated.
configure:7137: $? = 1
configure: failed program was:
| /* confdefs.h */
| #define PACKAGE_NAME "ViennaRNA"
| #define PACKAGE_TARNAME "ViennaRNA"
| #define PACKAGE_VERSION "2.4.18"
| #define PACKAGE_STRING "ViennaRNA 2.4.18"
| #define PACKAGE_BUGREPORT "rna@tbi.univie.ac.at"
| #define PACKAGE_URL "http://www.tbi.univie.ac.at/RNA"
| #define HAVE_STDIO_H 1
| #define HAVE_STDLIB_H 1
| #define HAVE_STRING_H 1
| #define HAVE_INTTYPES_H 1
| #define HAVE_STDINT_H 1
| #define HAVE_STRINGS_H 1
| #define HAVE_SYS_STAT_H 1
| #define HAVE_SYS_TYPES_H 1
| #define HAVE_UNISTD_H 1
| #define HAVE_WCHAR_H 1
| #define STDC_HEADERS 1
| #define _ALL_SOURCE 1
| #define _DARWIN_C_SOURCE 1
| #define _GNU_SOURCE 1
| #define _HPUX_ALT_XOPEN_SOCKET_API 1
| #define _NETBSD_SOURCE 1
| #define _OPENBSD_SOURCE 1
| #define _POSIX_PTHREAD_SEMANTICS 1
| #define __STDC_WANT_IEC_60559_ATTRIBS_EXT__ 1
| #define __STDC_WANT_IEC_60559_BFP_EXT__ 1
| #define __STDC_WANT_IEC_60559_DFP_EXT__ 1
| #define __STDC_WANT_IEC_60559_FUNCS_EXT__ 1
| #define __STDC_WANT_IEC_60559_TYPES_EXT__ 1
| #define __STDC_WANT_LIB_EXT2__ 1
| #define __STDC_WANT_MATH_SPEC_FUNCS__ 1
| #define _TANDEM_SOURCE 1
| #define __EXTENSIONS__ 1
| #define PACKAGE "ViennaRNA"
| #define VERSION "2.4.18"
| /* end confdefs.h.  */
| #include <ac_nonexistent.h>
configure:7235: checking for ar
configure:7256: found /usr/bin/ar
configure:7267: result: ar
configure:7293: checking the archiver (ar) interface
configure:7310: gcc -c -g -O2  conftest.c >&5
configure:7310: $? = 0
configure:7313: ar cru libconftest.a conftest.o >&5
configure:7316: $? = 0
configure:7344: result: ar
configure:7364: checking whether make sets $(MAKE)
configure:7387: result: yes
configure:7396: checking for grep that handles long lines and -e
configure:7460: result: /usr/bin/grep
configure:7467: checking for a sed that does not truncate output
configure:7537: result: /usr/bin/sed
configure:7542: checking whether ln -s works
configure:7546: result: yes
configure:7601: checking how to print strings
configure:7628: result: printf
configure:7649: checking for a sed that does not truncate output
configure:7719: result: /usr/bin/sed
configure:7737: checking for egrep
configure:7805: result: /usr/bin/grep -E
configure:7810: checking for fgrep
configure:7878: result: /usr/bin/grep -F
configure:7914: checking for ld used by gcc
configure:7982: result: /Library/Developer/CommandLineTools/usr/bin/ld
configure:7989: checking if the linker (/Library/Developer/CommandLineTools/usr/bin/ld) is GNU ld
configure:8005: result: no
configure:8017: checking for BSD- or MS-compatible name lister (nm)
configure:8072: result: /usr/bin/nm -B
configure:8212: checking the name lister (/usr/bin/nm -B) interface
configure:8220: gcc -c -g -O2  conftest.c >&5
configure:8223: /usr/bin/nm -B "conftest.o"
configure:8226: output
0000000000000258 S _some_variable
configure:8233: result: BSD nm
configure:8237: checking the maximum length of command line arguments
configure:8369: result: 786432
configure:8417: checking how to convert x86_64-apple-darwin20.6.0 file names to x86_64-apple-darwin20.6.0 format
configure:8458: result: func_convert_file_noop
configure:8465: checking how to convert x86_64-apple-darwin20.6.0 file names to toolchain format
configure:8486: result: func_convert_file_noop
configure:8493: checking for /Library/Developer/CommandLineTools/usr/bin/ld option to reload object files
configure:8501: result: -r
configure:8580: checking for objdump
configure:8601: found /usr/bin/objdump
configure:8612: result: objdump
configure:8644: checking how to recognize dependent libraries
configure:8845: result: pass_all
configure:8935: checking for dlltool
configure:8970: result: no
configure:9000: checking how to associate runtime and link libraries
configure:9028: result: printf %s\n
configure:9178: checking for archiver @FILE support
configure:9196: gcc -c -g -O2  conftest.c >&5
configure:9196: $? = 0
configure:9200: ar cr libconftest.a @conftest.lst >&5
ar: @conftest.lst: No such file or directory
configure:9203: $? = 1
configure:9223: result: no
configure:9286: checking for strip
configure:9307: found /usr/bin/strip
configure:9318: result: strip
configure:9395: checking for ranlib
configure:9416: found /usr/bin/ranlib
configure:9427: result: ranlib
configure:9529: checking command to parse /usr/bin/nm -B output from gcc object
configure:9683: gcc -c -g -O2  conftest.c >&5
configure:9686: $? = 0
configure:9690: /usr/bin/nm -B conftest.o \| sed -n -e 's/^.*[ ]\([BCDEGRST][BCDEGRST]*\)[ ][ ]*\([_A-Za-z][_A-Za-z0-9]*\)$/\1 \2 \2/p' | sed '/ __gnu_lto/d' \> conftest.nm
configure:9693: $? = 0
cannot find nm_test_var in conftest.nm
configure:9683: gcc -c -g -O2  conftest.c >&5
configure:9686: $? = 0
configure:9690: /usr/bin/nm -B conftest.o \| sed -n -e 's/^.*[ ]\([BCDEGRST][BCDEGRST]*\)[ ][ ]*_\([_A-Za-z][_A-Za-z0-9]*\)$/\1 _\2 \2/p' | sed '/ __gnu_lto/d' \> conftest.nm
configure:9693: $? = 0
configure:9759: gcc -o conftest -g -O2   conftest.c conftstm.o >&5
warning: (x86_64)  could not find object file symbol for symbol _main
configure:9762: $? = 0
configure:9800: result: ok
configure:9847: checking for sysroot
configure:9878: result: no
configure:9885: checking for a working dd
configure:9929: result: /bin/dd
configure:9933: checking how to truncate binary pipes
configure:9949: result: /bin/dd bs=4096 count=1
configure:10286: checking for mt
configure:10321: result: no
configure:10341: checking if : is a manifest tool
configure:10348: : '-?'
configure:10356: result: no
configure:10417: checking for dsymutil
configure:10438: found /usr/bin/dsymutil
configure:10449: result: dsymutil
configure:10519: checking for nmedit
configure:10540: found /usr/bin/nmedit
configure:10551: result: nmedit
configure:10621: checking for lipo
configure:10642: found /usr/bin/lipo
configure:10653: result: lipo
configure:10723: checking for otool
configure:10744: found /usr/bin/otool
configure:10755: result: otool
configure:10825: checking for otool64
configure:10860: result: no
configure:10905: checking for -single_module linker flag
gcc -g -O2  -o libconftest.dylib -dynamiclib -Wl,-single_module conftest.c
configure:10939: result: yes
configure:10942: checking for -exported_symbols_list linker flag
configure:10963: gcc -o conftest -g -O2   -Wl,-exported_symbols_list,conftest.sym conftest.c  >&5
configure:10963: $? = 0
configure:10974: result: yes
configure:10977: checking for -force_load linker flag
gcc -g -O2 -c -o conftest.o conftest.c
ar cr libconftest.a conftest.o
ranlib libconftest.a
gcc -g -O2  -o conftest conftest.c -Wl,-force_load,./libconftest.a
configure:11010: result: yes
configure:11082: checking for dlfcn.h
configure:11082: gcc -c -g -O2  conftest.c >&5
configure:11082: $? = 0
configure:11082: result: yes
configure:11350: checking for objdir
configure:11366: result: .libs
configure:11630: checking if gcc supports -fno-rtti -fno-exceptions
configure:11649: gcc -c -g -O2  -fno-rtti -fno-exceptions conftest.c >&5
configure:11653: $? = 0
configure:11666: result: yes
configure:12024: checking for gcc option to produce PIC
configure:12032: result: -fno-common -DPIC
configure:12040: checking if gcc PIC flag -fno-common -DPIC works
configure:12059: gcc -c -g -O2  -fno-common -DPIC -DPIC conftest.c >&5
configure:12063: $? = 0
configure:12076: result: yes
configure:12105: checking if gcc static flag -static works
configure:12134: result: no
configure:12149: checking if gcc supports -c -o file.o
configure:12171: gcc -c -g -O2  -o out/conftest2.o conftest.c >&5
configure:12175: $? = 0
configure:12197: result: yes
configure:12205: checking if gcc supports -c -o file.o
configure:12253: result: yes
configure:12286: checking whether the gcc linker (/Library/Developer/CommandLineTools/usr/bin/ld) supports shared libraries
configure:13554: result: yes
configure:13795: checking dynamic linker characteristics
configure:14616: result: darwin20.6.0 dyld
configure:14738: checking how to hardcode library paths into programs
configure:14763: result: immediate
configure:15315: checking whether stripping libraries is possible
configure:15332: result: yes
configure:15366: checking if libtool supports shared libraries
configure:15368: result: yes
configure:15371: checking whether to build shared libraries
configure:15396: result: yes
configure:15399: checking whether to build static libraries
configure:15403: result: yes
configure:15426: checking how to run the C++ preprocessor
configure:15490: result: g++ -E
configure:15504: g++ -E  conftest.cpp
configure:15504: $? = 0
configure:15519: g++ -E  conftest.cpp
conftest.cpp:41:10: fatal error: 'ac_nonexistent.h' file not found
#include <ac_nonexistent.h>
         ^~~~~~~~~~~~~~~~~~
1 error generated.
configure:15519: $? = 1
configure: failed program was:
| /* confdefs.h */
| #define PACKAGE_NAME "ViennaRNA"
| #define PACKAGE_TARNAME "ViennaRNA"
| #define PACKAGE_VERSION "2.4.18"
| #define PACKAGE_STRING "ViennaRNA 2.4.18"
| #define PACKAGE_BUGREPORT "rna@tbi.univie.ac.at"
| #define PACKAGE_URL "http://www.tbi.univie.ac.at/RNA"
| #define HAVE_STDIO_H 1
| #define HAVE_STDLIB_H 1
| #define HAVE_STRING_H 1
| #define HAVE_INTTYPES_H 1
| #define HAVE_STDINT_H 1
| #define HAVE_STRINGS_H 1
| #define HAVE_SYS_STAT_H 1
| #define HAVE_SYS_TYPES_H 1
| #define HAVE_UNISTD_H 1
| #define HAVE_WCHAR_H 1
| #define STDC_HEADERS 1
| #define _ALL_SOURCE 1
| #define _DARWIN_C_SOURCE 1
| #define _GNU_SOURCE 1
| #define _HPUX_ALT_XOPEN_SOCKET_API 1
| #define _NETBSD_SOURCE 1
| #define _OPENBSD_SOURCE 1
| #define _POSIX_PTHREAD_SEMANTICS 1
| #define __STDC_WANT_IEC_60559_ATTRIBS_EXT__ 1
| #define __STDC_WANT_IEC_60559_BFP_EXT__ 1
| #define __STDC_WANT_IEC_60559_DFP_EXT__ 1
| #define __STDC_WANT_IEC_60559_FUNCS_EXT__ 1
| #define __STDC_WANT_IEC_60559_TYPES_EXT__ 1
| #define __STDC_WANT_LIB_EXT2__ 1
| #define __STDC_WANT_MATH_SPEC_FUNCS__ 1
| #define _TANDEM_SOURCE 1
| #define __EXTENSIONS__ 1
| #define PACKAGE "ViennaRNA"
| #define VERSION "2.4.18"
| #define UNUSED __attribute__ ((unused))
| #define HAVE_DLFCN_H 1
| #define LT_OBJDIR ".libs/"
| /* end confdefs.h.  */
| #include <ac_nonexistent.h>
configure:15684: checking for ld used by g++
configure:15752: result: /Library/Developer/CommandLineTools/usr/bin/ld
configure:15759: checking if the linker (/Library/Developer/CommandLineTools/usr/bin/ld) is GNU ld
configure:15775: result: no
configure:15830: checking whether the g++ linker (/Library/Developer/CommandLineTools/usr/bin/ld) supports shared libraries
configure:16908: result: yes
configure:16944: g++ -c -g -O2  conftest.cpp >&5
configure:16947: $? = 0
configure:17428: checking for g++ option to produce PIC
configure:17436: result: -fno-common -DPIC
configure:17444: checking if g++ PIC flag -fno-common -DPIC works
configure:17463: g++ -c -g -O2  -fno-common -DPIC -DPIC conftest.cpp >&5
configure:17467: $? = 0
configure:17480: result: yes
configure:17503: checking if g++ static flag -static works
configure:17532: result: no
configure:17544: checking if g++ supports -c -o file.o
configure:17566: g++ -c -g -O2  -o out/conftest2.o conftest.cpp >&5
configure:17570: $? = 0
configure:17592: result: yes
configure:17597: checking if g++ supports -c -o file.o
configure:17645: result: yes
configure:17675: checking whether the g++ linker (/Library/Developer/CommandLineTools/usr/bin/ld) supports shared libraries
configure:17715: result: yes
configure:17857: checking dynamic linker characteristics
configure:18605: result: darwin20.6.0 dyld
configure:18670: checking how to hardcode library paths into programs
configure:18695: result: immediate
configure:18759: checking for exp in -lm
configure:18782: gcc -o conftest -g -O2   conftest.c -lm   >&5
conftest.c:45:6: warning: incompatible redeclaration of library function 'exp' [-Wincompatible-library-redeclaration]
char exp ();
     ^
conftest.c:45:6: note: 'exp' is a builtin with type 'double (double)'
1 warning generated.
configure:18782: $? = 0
configure:18792: result: yes
configure:18804: checking for egrep
configure:18872: result: /usr/bin/grep -E
configure:18878: checking for _Bool
configure:18878: gcc -c -g -O2  conftest.c >&5
configure:18878: $? = 0
configure:18878: gcc -c -g -O2  conftest.c >&5
conftest.c:73:20: error: expected expression
if (sizeof ((_Bool)))
                   ^
1 error generated.
configure:18878: $? = 1
configure: failed program was:
| /* confdefs.h */
| #define PACKAGE_NAME "ViennaRNA"
| #define PACKAGE_TARNAME "ViennaRNA"
| #define PACKAGE_VERSION "2.4.18"
| #define PACKAGE_STRING "ViennaRNA 2.4.18"
| #define PACKAGE_BUGREPORT "rna@tbi.univie.ac.at"
| #define PACKAGE_URL "http://www.tbi.univie.ac.at/RNA"
| #define HAVE_STDIO_H 1
| #define HAVE_STDLIB_H 1
| #define HAVE_STRING_H 1
| #define HAVE_INTTYPES_H 1
| #define HAVE_STDINT_H 1
| #define HAVE_STRINGS_H 1
| #define HAVE_SYS_STAT_H 1
| #define HAVE_SYS_TYPES_H 1
| #define HAVE_UNISTD_H 1
| #define HAVE_WCHAR_H 1
| #define STDC_HEADERS 1
| #define _ALL_SOURCE 1
| #define _DARWIN_C_SOURCE 1
| #define _GNU_SOURCE 1
| #define _HPUX_ALT_XOPEN_SOCKET_API 1
| #define _NETBSD_SOURCE 1
| #define _OPENBSD_SOURCE 1
| #define _POSIX_PTHREAD_SEMANTICS 1
| #define __STDC_WANT_IEC_60559_ATTRIBS_EXT__ 1
| #define __STDC_WANT_IEC_60559_BFP_EXT__ 1
| #define __STDC_WANT_IEC_60559_DFP_EXT__ 1
| #define __STDC_WANT_IEC_60559_FUNCS_EXT__ 1
| #define __STDC_WANT_IEC_60559_TYPES_EXT__ 1
| #define __STDC_WANT_LIB_EXT2__ 1
| #define __STDC_WANT_MATH_SPEC_FUNCS__ 1
| #define _TANDEM_SOURCE 1
| #define __EXTENSIONS__ 1
| #define PACKAGE "ViennaRNA"
| #define VERSION "2.4.18"
| #define UNUSED __attribute__ ((unused))
| #define HAVE_DLFCN_H 1
| #define LT_OBJDIR ".libs/"
| #define HAVE_LIBM 1
| /* end confdefs.h.  */
| #include <stddef.h>
| #ifdef HAVE_STDIO_H
| # include <stdio.h>
| #endif
| #ifdef HAVE_STDLIB_H
| # include <stdlib.h>
| #endif
| #ifdef HAVE_STRING_H
| # include <string.h>
| #endif
| #ifdef HAVE_INTTYPES_H
| # include <inttypes.h>
| #endif
| #ifdef HAVE_STDINT_H
| # include <stdint.h>
| #endif
| #ifdef HAVE_STRINGS_H
| # include <strings.h>
| #endif
| #ifdef HAVE_SYS_TYPES_H
| # include <sys/types.h>
| #endif
| #ifdef HAVE_SYS_STAT_H
| # include <sys/stat.h>
| #endif
| #ifdef HAVE_UNISTD_H
| # include <unistd.h>
| #endif
| int
| main (void)
| {
| if (sizeof ((_Bool)))
| 	    return 0;
|   ;
|   return 0;
| }
configure:18878: result: yes
configure:18887: checking for stdbool.h that conforms to C99
configure:19003: gcc -c -g -O2  conftest.c >&5
conftest.c:128:25: warning: address of 's' will always evaluate to 'true' [-Wpointer-bool-conversion]
             bool ps = &s;
                  ~~    ^
conftest.c:133:28: warning: address of 't' will always evaluate to 'true' [-Wpointer-bool-conversion]
               _Bool pt = &t;
                     ~~    ^
conftest.c:140:23: warning: address of array 'a' will always evaluate to 'true' [-Wpointer-bool-conversion]
             return (!a + !b + !c + !d + !e + !f + !g + !h + !i + !j + !k
                     ~^
conftest.c:140:28: warning: address of array 'b' will always evaluate to 'true' [-Wpointer-bool-conversion]
             return (!a + !b + !c + !d + !e + !f + !g + !h + !i + !j + !k
                          ~^
conftest.c:140:33: warning: address of array 'c' will always evaluate to 'true' [-Wpointer-bool-conversion]
             return (!a + !b + !c + !d + !e + !f + !g + !h + !i + !j + !k
                               ~^
conftest.c:140:38: warning: address of array 'd' will always evaluate to 'true' [-Wpointer-bool-conversion]
             return (!a + !b + !c + !d + !e + !f + !g + !h + !i + !j + !k
                                    ~^
conftest.c:140:63: warning: address of array 'i' will always evaluate to 'true' [-Wpointer-bool-conversion]
             return (!a + !b + !c + !d + !e + !f + !g + !h + !i + !j + !k
                                                             ~^
conftest.c:140:68: warning: address of array 'j' will always evaluate to 'true' [-Wpointer-bool-conversion]
             return (!a + !b + !c + !d + !e + !f + !g + !h + !i + !j + !k
                                                                  ~^
conftest.c:140:73: warning: address of array 'k' will always evaluate to 'true' [-Wpointer-bool-conversion]
             return (!a + !b + !c + !d + !e + !f + !g + !h + !i + !j + !k
                                                                       ~^
conftest.c:141:25: warning: address of array 'l' will always evaluate to 'true' [-Wpointer-bool-conversion]
                       ~^
conftest.c:141:30: warning: address of array 'm' will always evaluate to 'true' [-Wpointer-bool-conversion]
                            ~^
conftest.c:141:35: warning: address of array 'n' will always evaluate to 'true' [-Wpointer-bool-conversion]
                                 ~^
conftest.c:141:40: warning: address of array 'o' will always evaluate to 'true' [-Wpointer-bool-conversion]
                                      ~^
conftest.c:143:25: warning: address of array 'q' will always evaluate to 'true' [-Wpointer-bool-conversion]
                       ~^
conftest.c:143:30: warning: address of array 'r' will always evaluate to 'true' [-Wpointer-bool-conversion]
                            ~^
conftest.c:143:35: warning: address of array 'u' will always evaluate to 'true' [-Wpointer-bool-conversion]
                                 ~^
conftest.c:143:40: warning: address of array 'v' will always evaluate to 'true' [-Wpointer-bool-conversion]
                                      ~^
conftest.c:143:45: warning: address of array 'w' will always evaluate to 'true' [-Wpointer-bool-conversion]
                                           ~^
conftest.c:143:50: warning: address of array 'x' will always evaluate to 'true' [-Wpointer-bool-conversion]
                                                ~^
conftest.c:143:55: warning: address of array 'y' will always evaluate to 'true' [-Wpointer-bool-conversion]
                                                     ~^
20 warnings generated.
configure:19003: $? = 0
configure:19011: result: yes
configure:19020: checking for malloc.h
configure:19020: gcc -c -g -O2  conftest.c >&5
conftest.c:72:10: fatal error: 'malloc.h' file not found
#include <malloc.h>
         ^~~~~~~~~~
1 error generated.
configure:19020: $? = 1
configure: failed program was:
| /* confdefs.h */
| #define PACKAGE_NAME "ViennaRNA"
| #define PACKAGE_TARNAME "ViennaRNA"
| #define PACKAGE_VERSION "2.4.18"
| #define PACKAGE_STRING "ViennaRNA 2.4.18"
| #define PACKAGE_BUGREPORT "rna@tbi.univie.ac.at"
| #define PACKAGE_URL "http://www.tbi.univie.ac.at/RNA"
| #define HAVE_STDIO_H 1
| #define HAVE_STDLIB_H 1
| #define HAVE_STRING_H 1
| #define HAVE_INTTYPES_H 1
| #define HAVE_STDINT_H 1
| #define HAVE_STRINGS_H 1
| #define HAVE_SYS_STAT_H 1
| #define HAVE_SYS_TYPES_H 1
| #define HAVE_UNISTD_H 1
| #define HAVE_WCHAR_H 1
| #define STDC_HEADERS 1
| #define _ALL_SOURCE 1
| #define _DARWIN_C_SOURCE 1
| #define _GNU_SOURCE 1
| #define _HPUX_ALT_XOPEN_SOCKET_API 1
| #define _NETBSD_SOURCE 1
| #define _OPENBSD_SOURCE 1
| #define _POSIX_PTHREAD_SEMANTICS 1
| #define __STDC_WANT_IEC_60559_ATTRIBS_EXT__ 1
| #define __STDC_WANT_IEC_60559_BFP_EXT__ 1
| #define __STDC_WANT_IEC_60559_DFP_EXT__ 1
| #define __STDC_WANT_IEC_60559_FUNCS_EXT__ 1
| #define __STDC_WANT_IEC_60559_TYPES_EXT__ 1
| #define __STDC_WANT_LIB_EXT2__ 1
| #define __STDC_WANT_MATH_SPEC_FUNCS__ 1
| #define _TANDEM_SOURCE 1
| #define __EXTENSIONS__ 1
| #define PACKAGE "ViennaRNA"
| #define VERSION "2.4.18"
| #define UNUSED __attribute__ ((unused))
| #define HAVE_DLFCN_H 1
| #define LT_OBJDIR ".libs/"
| #define HAVE_LIBM 1
| #define HAVE__BOOL 1
| #define HAVE_STDBOOL_H 1
| /* end confdefs.h.  */
| #include <stddef.h>
| #ifdef HAVE_STDIO_H
| # include <stdio.h>
| #endif
| #ifdef HAVE_STDLIB_H
| # include <stdlib.h>
| #endif
| #ifdef HAVE_STRING_H
| # include <string.h>
| #endif
| #ifdef HAVE_INTTYPES_H
| # include <inttypes.h>
| #endif
| #ifdef HAVE_STDINT_H
| # include <stdint.h>
| #endif
| #ifdef HAVE_STRINGS_H
| # include <strings.h>
| #endif
| #ifdef HAVE_SYS_TYPES_H
| # include <sys/types.h>
| #endif
| #ifdef HAVE_SYS_STAT_H
| # include <sys/stat.h>
| #endif
| #ifdef HAVE_UNISTD_H
| # include <unistd.h>
| #endif
| #include <malloc.h>
configure:19020: result: no
configure:19026: checking for float.h
configure:19026: gcc -c -g -O2  conftest.c >&5
configure:19026: $? = 0
configure:19026: result: yes
configure:19032: checking for limits.h
configure:19032: gcc -c -g -O2  conftest.c >&5
configure:19032: $? = 0
configure:19032: result: yes
configure:19038: checking for stdlib.h
configure:19038: result: yes
configure:19044: checking for string.h
configure:19044: result: yes
configure:19050: checking for strings.h
configure:19050: result: yes
configure:19056: checking for unistd.h
configure:19056: result: yes
configure:19062: checking for math.h
configure:19062: gcc -c -g -O2  conftest.c >&5
configure:19062: $? = 0
configure:19062: result: yes
configure:19068: checking for stdarg.h
configure:19068: gcc -c -g -O2  conftest.c >&5
configure:19068: $? = 0
configure:19068: result: yes
configure:19076: checking for GNU libc compatible malloc
configure:19108: gcc -o conftest -g -O2   conftest.c -lm  >&5
configure:19108: $? = 0
configure:19108: ./conftest
configure:19108: $? = 0
configure:19119: result: yes
configure:19141: checking for GNU libc compatible realloc
configure:19173: gcc -o conftest -g -O2   conftest.c -lm  >&5
configure:19173: $? = 0
configure:19173: ./conftest
configure:19173: $? = 0
configure:19184: result: yes
configure:19206: checking for working strtod
configure:19249: gcc -o conftest -g -O2   conftest.c -lm  >&5
configure:19249: $? = 0
configure:19249: ./conftest
configure:19249: $? = 0
configure:19260: result: yes
configure:19323: checking for floor
configure:19323: gcc -o conftest -g -O2   conftest.c -lm  >&5
conftest.c:70:6: warning: incompatible redeclaration of library function 'floor' [-Wincompatible-library-redeclaration]
char floor ();
     ^
conftest.c:70:6: note: 'floor' is a builtin with type 'double (double)'
1 warning generated.
configure:19323: $? = 0
configure:19323: result: yes
configure:19329: checking for strdup
configure:19329: gcc -o conftest -g -O2   conftest.c -lm  >&5
conftest.c:71:6: warning: incompatible redeclaration of library function 'strdup' [-Wincompatible-library-redeclaration]
char strdup ();
     ^
conftest.c:71:6: note: 'strdup' is a builtin with type 'char *(const char *)'
1 warning generated.
configure:19329: $? = 0
configure:19329: result: yes
configure:19335: checking for strstr
configure:19335: gcc -o conftest -g -O2   conftest.c -lm  >&5
conftest.c:72:6: warning: incompatible redeclaration of library function 'strstr' [-Wincompatible-library-redeclaration]
char strstr ();
     ^
conftest.c:72:6: note: 'strstr' is a builtin with type 'char *(const char *, const char *)'
1 warning generated.
configure:19335: $? = 0
configure:19335: result: yes
configure:19341: checking for strchr
configure:19341: gcc -o conftest -g -O2   conftest.c -lm  >&5
conftest.c:73:6: warning: incompatible redeclaration of library function 'strchr' [-Wincompatible-library-redeclaration]
char strchr ();
     ^
conftest.c:73:6: note: 'strchr' is a builtin with type 'char *(const char *, int)'
1 warning generated.
configure:19341: $? = 0
configure:19341: result: yes
configure:19347: checking for strrchr
configure:19347: gcc -o conftest -g -O2   conftest.c -lm  >&5
conftest.c:74:6: warning: incompatible redeclaration of library function 'strrchr' [-Wincompatible-library-redeclaration]
char strrchr ();
     ^
conftest.c:74:6: note: 'strrchr' is a builtin with type 'char *(const char *, int)'
1 warning generated.
configure:19347: $? = 0
configure:19347: result: yes
configure:19353: checking for strstr
configure:19353: result: yes
configure:19359: checking for strtol
configure:19359: gcc -o conftest -g -O2   conftest.c -lm  >&5
conftest.c:76:6: warning: incompatible redeclaration of library function 'strtol' [-Wincompatible-library-redeclaration]
char strtol ();
     ^
conftest.c:76:6: note: 'strtol' is a builtin with type 'long (const char *, char **, int)'
1 warning generated.
configure:19359: $? = 0
configure:19359: result: yes
configure:19365: checking for strtoul
configure:19365: gcc -o conftest -g -O2   conftest.c -lm  >&5
conftest.c:77:6: warning: incompatible redeclaration of library function 'strtoul' [-Wincompatible-library-redeclaration]
char strtoul ();
     ^
conftest.c:77:6: note: 'strtoul' is a builtin with type 'unsigned long (const char *, char **, int)'
1 warning generated.
configure:19365: $? = 0
configure:19365: result: yes
configure:19371: checking for pow
configure:19371: gcc -o conftest -g -O2   conftest.c -lm  >&5
conftest.c:78:6: warning: incompatible redeclaration of library function 'pow' [-Wincompatible-library-redeclaration]
char pow ();
     ^
conftest.c:78:6: note: 'pow' is a builtin with type 'double (double, double)'
1 warning generated.
configure:19371: $? = 0
configure:19371: result: yes
configure:19377: checking for rint
configure:19377: gcc -o conftest -g -O2   conftest.c -lm  >&5
conftest.c:79:6: warning: incompatible redeclaration of library function 'rint' [-Wincompatible-library-redeclaration]
char rint ();
     ^
conftest.c:79:6: note: 'rint' is a builtin with type 'double (double)'
1 warning generated.
configure:19377: $? = 0
configure:19377: result: yes
configure:19383: checking for sqrt
configure:19383: gcc -o conftest -g -O2   conftest.c -lm  >&5
conftest.c:80:6: warning: incompatible redeclaration of library function 'sqrt' [-Wincompatible-library-redeclaration]
char sqrt ();
     ^
conftest.c:80:6: note: 'sqrt' is a builtin with type 'double (double)'
1 warning generated.
configure:19383: $? = 0
configure:19383: result: yes
configure:19389: checking for erand48
configure:19389: gcc -o conftest -g -O2   conftest.c -lm  >&5
configure:19389: $? = 0
configure:19389: result: yes
configure:19395: checking for memset
configure:19395: gcc -o conftest -g -O2   conftest.c -lm  >&5
conftest.c:82:6: warning: incompatible redeclaration of library function 'memset' [-Wincompatible-library-redeclaration]
char memset ();
     ^
conftest.c:82:6: note: 'memset' is a builtin with type 'void *(void *, int, unsigned long)'
1 warning generated.
configure:19395: $? = 0
configure:19395: result: yes
configure:19401: checking for memmove
configure:19401: gcc -o conftest -g -O2   conftest.c -lm  >&5
conftest.c:83:6: warning: incompatible redeclaration of library function 'memmove' [-Wincompatible-library-redeclaration]
char memmove ();
     ^
conftest.c:83:6: note: 'memmove' is a builtin with type 'void *(void *, const void *, unsigned long)'
1 warning generated.
configure:19401: $? = 0
configure:19401: result: yes
configure:19407: checking for erand48
configure:19407: result: yes
configure:19413: checking for asprintf
configure:19413: gcc -o conftest -g -O2   conftest.c -lm  >&5
conftest.c:96:18: warning: format string missing [-Wformat]
return asprintf ();
       ~~~~~~~~  ^
1 warning generated.
configure:19413: $? = 0
configure:19413: result: yes
configure:19419: checking for vasprintf
configure:19419: gcc -o conftest -g -O2   conftest.c -lm  >&5
conftest.c:97:19: warning: format string missing [-Wformat]
return vasprintf ();
       ~~~~~~~~~  ^
1 warning generated.
configure:19419: $? = 0
configure:19419: result: yes
configure:19427: checking for an ANSI C-conforming const
configure:19494: gcc -c -g -O2  conftest.c >&5
configure:19494: $? = 0
configure:19502: result: yes
configure:19510: checking for size_t
configure:19510: gcc -c -g -O2  conftest.c >&5
configure:19510: $? = 0
configure:19510: gcc -c -g -O2  conftest.c >&5
conftest.c:102:21: error: expected expression
if (sizeof ((size_t)))
                    ^
1 error generated.
configure:19510: $? = 1
configure: failed program was:
| /* confdefs.h */
| #define PACKAGE_NAME "ViennaRNA"
| #define PACKAGE_TARNAME "ViennaRNA"
| #define PACKAGE_VERSION "2.4.18"
| #define PACKAGE_STRING "ViennaRNA 2.4.18"
| #define PACKAGE_BUGREPORT "rna@tbi.univie.ac.at"
| #define PACKAGE_URL "http://www.tbi.univie.ac.at/RNA"
| #define HAVE_STDIO_H 1
| #define HAVE_STDLIB_H 1
| #define HAVE_STRING_H 1
| #define HAVE_INTTYPES_H 1
| #define HAVE_STDINT_H 1
| #define HAVE_STRINGS_H 1
| #define HAVE_SYS_STAT_H 1
| #define HAVE_SYS_TYPES_H 1
| #define HAVE_UNISTD_H 1
| #define HAVE_WCHAR_H 1
| #define STDC_HEADERS 1
| #define _ALL_SOURCE 1
| #define _DARWIN_C_SOURCE 1
| #define _GNU_SOURCE 1
| #define _HPUX_ALT_XOPEN_SOCKET_API 1
| #define _NETBSD_SOURCE 1
| #define _OPENBSD_SOURCE 1
| #define _POSIX_PTHREAD_SEMANTICS 1
| #define __STDC_WANT_IEC_60559_ATTRIBS_EXT__ 1
| #define __STDC_WANT_IEC_60559_BFP_EXT__ 1
| #define __STDC_WANT_IEC_60559_DFP_EXT__ 1
| #define __STDC_WANT_IEC_60559_FUNCS_EXT__ 1
| #define __STDC_WANT_IEC_60559_TYPES_EXT__ 1
| #define __STDC_WANT_LIB_EXT2__ 1
| #define __STDC_WANT_MATH_SPEC_FUNCS__ 1
| #define _TANDEM_SOURCE 1
| #define __EXTENSIONS__ 1
| #define PACKAGE "ViennaRNA"
| #define VERSION "2.4.18"
| #define UNUSED __attribute__ ((unused))
| #define HAVE_DLFCN_H 1
| #define LT_OBJDIR ".libs/"
| #define HAVE_LIBM 1
| #define HAVE__BOOL 1
| #define HAVE_STDBOOL_H 1
| #define HAVE_FLOAT_H 1
| #define HAVE_LIMITS_H 1
| #define HAVE_STDLIB_H 1
| #define HAVE_STRING_H 1
| #define HAVE_STRINGS_H 1
| #define HAVE_UNISTD_H 1
| #define HAVE_MATH_H 1
| #define HAVE_STDARG_H 1
| #define HAVE_MALLOC 1
| #define HAVE_REALLOC 1
| #define HAVE_FLOOR 1
| #define HAVE_STRDUP 1
| #define HAVE_STRSTR 1
| #define HAVE_STRCHR 1
| #define HAVE_STRRCHR 1
| #define HAVE_STRSTR 1
| #define HAVE_STRTOL 1
| #define HAVE_STRTOUL 1
| #define HAVE_POW 1
| #define HAVE_RINT 1
| #define HAVE_SQRT 1
| #define HAVE_ERAND48 1
| #define HAVE_MEMSET 1
| #define HAVE_MEMMOVE 1
| #define HAVE_ERAND48 1
| #define HAVE_ASPRINTF 1
| #define HAVE_VASPRINTF 1
| /* end confdefs.h.  */
| #include <stddef.h>
| #ifdef HAVE_STDIO_H
| # include <stdio.h>
| #endif
| #ifdef HAVE_STDLIB_H
| # include <stdlib.h>
| #endif
| #ifdef HAVE_STRING_H
| # include <string.h>
| #endif
| #ifdef HAVE_INTTYPES_H
| # include <inttypes.h>
| #endif
| #ifdef HAVE_STDINT_H
| # include <stdint.h>
| #endif
| #ifdef HAVE_STRINGS_H
| # include <strings.h>
| #endif
| #ifdef HAVE_SYS_TYPES_H
| # include <sys/types.h>
| #endif
| #ifdef HAVE_SYS_STAT_H
| # include <sys/stat.h>
| #endif
| #ifdef HAVE_UNISTD_H
| # include <unistd.h>
| #endif
| int
| main (void)
| {
| if (sizeof ((size_t)))
| 	    return 0;
|   ;
|   return 0;
| }
configure:19510: result: yes
configure:19520: checking for inline
configure:19537: gcc -c -g -O2  conftest.c >&5
configure:19537: $? = 0
configure:19546: result: inline
configure:19570: checking for pdflatex
configure:19593: found /Library/TeX/texbin/pdflatex
configure:19606: result: /Library/TeX/texbin/pdflatex
configure:19616: checking for bibtex
configure:19639: found /Library/TeX/texbin/bibtex
configure:19652: result: /Library/TeX/texbin/bibtex
configure:19662: checking for makeindex
configure:19685: found /Library/TeX/texbin/makeindex
configure:19698: result: /Library/TeX/texbin/makeindex
configure:19773: checking for pkg-config
configure:19811: result: no
configure:19848: checking for C compiler vendor
configure:19896: gcc -c -g -O2  conftest.c >&5
conftest.c:77:9: error: use of undeclared identifier 'thisisanerror'
        thisisanerror;
        ^
1 error generated.
configure:19896: $? = 1
configure: failed program was:
| /* confdefs.h */
| #define PACKAGE_NAME "ViennaRNA"
| #define PACKAGE_TARNAME "ViennaRNA"
| #define PACKAGE_VERSION "2.4.18"
| #define PACKAGE_STRING "ViennaRNA 2.4.18"
| #define PACKAGE_BUGREPORT "rna@tbi.univie.ac.at"
| #define PACKAGE_URL "http://www.tbi.univie.ac.at/RNA"
| #define HAVE_STDIO_H 1
| #define HAVE_STDLIB_H 1
| #define HAVE_STRING_H 1
| #define HAVE_INTTYPES_H 1
| #define HAVE_STDINT_H 1
| #define HAVE_STRINGS_H 1
| #define HAVE_SYS_STAT_H 1
| #define HAVE_SYS_TYPES_H 1
| #define HAVE_UNISTD_H 1
| #define HAVE_WCHAR_H 1
| #define STDC_HEADERS 1
| #define _ALL_SOURCE 1
| #define _DARWIN_C_SOURCE 1
| #define _GNU_SOURCE 1
| #define _HPUX_ALT_XOPEN_SOCKET_API 1
| #define _NETBSD_SOURCE 1
| #define _OPENBSD_SOURCE 1
| #define _POSIX_PTHREAD_SEMANTICS 1
| #define __STDC_WANT_IEC_60559_ATTRIBS_EXT__ 1
| #define __STDC_WANT_IEC_60559_BFP_EXT__ 1
| #define __STDC_WANT_IEC_60559_DFP_EXT__ 1
| #define __STDC_WANT_IEC_60559_FUNCS_EXT__ 1
| #define __STDC_WANT_IEC_60559_TYPES_EXT__ 1
| #define __STDC_WANT_LIB_EXT2__ 1
| #define __STDC_WANT_MATH_SPEC_FUNCS__ 1
| #define _TANDEM_SOURCE 1
| #define __EXTENSIONS__ 1
| #define PACKAGE "ViennaRNA"
| #define VERSION "2.4.18"
| #define UNUSED __attribute__ ((unused))
| #define HAVE_DLFCN_H 1
| #define LT_OBJDIR ".libs/"
| #define HAVE_LIBM 1
| #define HAVE__BOOL 1
| #define HAVE_STDBOOL_H 1
| #define HAVE_FLOAT_H 1
| #define HAVE_LIMITS_H 1
| #define HAVE_STDLIB_H 1
| #define HAVE_STRING_H 1
| #define HAVE_STRINGS_H 1
| #define HAVE_UNISTD_H 1
| #define HAVE_MATH_H 1
| #define HAVE_STDARG_H 1
| #define HAVE_MALLOC 1
| #define HAVE_REALLOC 1
| #define HAVE_FLOOR 1
| #define HAVE_STRDUP 1
| #define HAVE_STRSTR 1
| #define HAVE_STRCHR 1
| #define HAVE_STRRCHR 1
| #define HAVE_STRSTR 1
| #define HAVE_STRTOL 1
| #define HAVE_STRTOUL 1
| #define HAVE_POW 1
| #define HAVE_RINT 1
| #define HAVE_SQRT 1
| #define HAVE_ERAND48 1
| #define HAVE_MEMSET 1
| #define HAVE_MEMMOVE 1
| #define HAVE_ERAND48 1
| #define HAVE_ASPRINTF 1
| #define HAVE_VASPRINTF 1
| /* end confdefs.h.  */
| 
| int
| main (void)
| {
| 
|       #if !(defined(__ICC) || defined(__ECC) || defined(__INTEL_COMPILER))
|         thisisanerror;
|       #endif
| 
|   ;
|   return 0;
| }
configure:19896: gcc -c -g -O2  conftest.c >&5
conftest.c:77:9: error: use of undeclared identifier 'thisisanerror'
        thisisanerror;
        ^
1 error generated.
configure:19896: $? = 1
configure: failed program was:
| /* confdefs.h */
| #define PACKAGE_NAME "ViennaRNA"
| #define PACKAGE_TARNAME "ViennaRNA"
| #define PACKAGE_VERSION "2.4.18"
| #define PACKAGE_STRING "ViennaRNA 2.4.18"
| #define PACKAGE_BUGREPORT "rna@tbi.univie.ac.at"
| #define PACKAGE_URL "http://www.tbi.univie.ac.at/RNA"
| #define HAVE_STDIO_H 1
| #define HAVE_STDLIB_H 1
| #define HAVE_STRING_H 1
| #define HAVE_INTTYPES_H 1
| #define HAVE_STDINT_H 1
| #define HAVE_STRINGS_H 1
| #define HAVE_SYS_STAT_H 1
| #define HAVE_SYS_TYPES_H 1
| #define HAVE_UNISTD_H 1
| #define HAVE_WCHAR_H 1
| #define STDC_HEADERS 1
| #define _ALL_SOURCE 1
| #define _DARWIN_C_SOURCE 1
| #define _GNU_SOURCE 1
| #define _HPUX_ALT_XOPEN_SOCKET_API 1
| #define _NETBSD_SOURCE 1
| #define _OPENBSD_SOURCE 1
| #define _POSIX_PTHREAD_SEMANTICS 1
| #define __STDC_WANT_IEC_60559_ATTRIBS_EXT__ 1
| #define __STDC_WANT_IEC_60559_BFP_EXT__ 1
| #define __STDC_WANT_IEC_60559_DFP_EXT__ 1
| #define __STDC_WANT_IEC_60559_FUNCS_EXT__ 1
| #define __STDC_WANT_IEC_60559_TYPES_EXT__ 1
| #define __STDC_WANT_LIB_EXT2__ 1
| #define __STDC_WANT_MATH_SPEC_FUNCS__ 1
| #define _TANDEM_SOURCE 1
| #define __EXTENSIONS__ 1
| #define PACKAGE "ViennaRNA"
| #define VERSION "2.4.18"
| #define UNUSED __attribute__ ((unused))
| #define HAVE_DLFCN_H 1
| #define LT_OBJDIR ".libs/"
| #define HAVE_LIBM 1
| #define HAVE__BOOL 1
| #define HAVE_STDBOOL_H 1
| #define HAVE_FLOAT_H 1
| #define HAVE_LIMITS_H 1
| #define HAVE_STDLIB_H 1
| #define HAVE_STRING_H 1
| #define HAVE_STRINGS_H 1
| #define HAVE_UNISTD_H 1
| #define HAVE_MATH_H 1
| #define HAVE_STDARG_H 1
| #define HAVE_MALLOC 1
| #define HAVE_REALLOC 1
| #define HAVE_FLOOR 1
| #define HAVE_STRDUP 1
| #define HAVE_STRSTR 1
| #define HAVE_STRCHR 1
| #define HAVE_STRRCHR 1
| #define HAVE_STRSTR 1
| #define HAVE_STRTOL 1
| #define HAVE_STRTOUL 1
| #define HAVE_POW 1
| #define HAVE_RINT 1
| #define HAVE_SQRT 1
| #define HAVE_ERAND48 1
| #define HAVE_MEMSET 1
| #define HAVE_MEMMOVE 1
| #define HAVE_ERAND48 1
| #define HAVE_ASPRINTF 1
| #define HAVE_VASPRINTF 1
| /* end confdefs.h.  */
| 
| int
| main (void)
| {
| 
|       #if !(defined(__xlc__) || defined(__xlC__) || defined(__IBMC__) || defined(__IBMCPP__))
|         thisisanerror;
|       #endif
| 
|   ;
|   return 0;
| }
configure:19896: gcc -c -g -O2  conftest.c >&5
conftest.c:77:9: error: use of undeclared identifier 'thisisanerror'
        thisisanerror;
        ^
1 error generated.
configure:19896: $? = 1
configure: failed program was:
| /* confdefs.h */
| #define PACKAGE_NAME "ViennaRNA"
| #define PACKAGE_TARNAME "ViennaRNA"
| #define PACKAGE_VERSION "2.4.18"
| #define PACKAGE_STRING "ViennaRNA 2.4.18"
| #define PACKAGE_BUGREPORT "rna@tbi.univie.ac.at"
| #define PACKAGE_URL "http://www.tbi.univie.ac.at/RNA"
| #define HAVE_STDIO_H 1
| #define HAVE_STDLIB_H 1
| #define HAVE_STRING_H 1
| #define HAVE_INTTYPES_H 1
| #define HAVE_STDINT_H 1
| #define HAVE_STRINGS_H 1
| #define HAVE_SYS_STAT_H 1
| #define HAVE_SYS_TYPES_H 1
| #define HAVE_UNISTD_H 1
| #define HAVE_WCHAR_H 1
| #define STDC_HEADERS 1
| #define _ALL_SOURCE 1
| #define _DARWIN_C_SOURCE 1
| #define _GNU_SOURCE 1
| #define _HPUX_ALT_XOPEN_SOCKET_API 1
| #define _NETBSD_SOURCE 1
| #define _OPENBSD_SOURCE 1
| #define _POSIX_PTHREAD_SEMANTICS 1
| #define __STDC_WANT_IEC_60559_ATTRIBS_EXT__ 1
| #define __STDC_WANT_IEC_60559_BFP_EXT__ 1
| #define __STDC_WANT_IEC_60559_DFP_EXT__ 1
| #define __STDC_WANT_IEC_60559_FUNCS_EXT__ 1
| #define __STDC_WANT_IEC_60559_TYPES_EXT__ 1
| #define __STDC_WANT_LIB_EXT2__ 1
| #define __STDC_WANT_MATH_SPEC_FUNCS__ 1
| #define _TANDEM_SOURCE 1
| #define __EXTENSIONS__ 1
| #define PACKAGE "ViennaRNA"
| #define VERSION "2.4.18"
| #define UNUSED __attribute__ ((unused))
| #define HAVE_DLFCN_H 1
| #define LT_OBJDIR ".libs/"
| #define HAVE_LIBM 1
| #define HAVE__BOOL 1
| #define HAVE_STDBOOL_H 1
| #define HAVE_FLOAT_H 1
| #define HAVE_LIMITS_H 1
| #define HAVE_STDLIB_H 1
| #define HAVE_STRING_H 1
| #define HAVE_STRINGS_H 1
| #define HAVE_UNISTD_H 1
| #define HAVE_MATH_H 1
| #define HAVE_STDARG_H 1
| #define HAVE_MALLOC 1
| #define HAVE_REALLOC 1
| #define HAVE_FLOOR 1
| #define HAVE_STRDUP 1
| #define HAVE_STRSTR 1
| #define HAVE_STRCHR 1
| #define HAVE_STRRCHR 1
| #define HAVE_STRSTR 1
| #define HAVE_STRTOL 1
| #define HAVE_STRTOUL 1
| #define HAVE_POW 1
| #define HAVE_RINT 1
| #define HAVE_SQRT 1
| #define HAVE_ERAND48 1
| #define HAVE_MEMSET 1
| #define HAVE_MEMMOVE 1
| #define HAVE_ERAND48 1
| #define HAVE_ASPRINTF 1
| #define HAVE_VASPRINTF 1
| /* end confdefs.h.  */
| 
| int
| main (void)
| {
| 
|       #if !(defined(__PATHCC__) || defined(__PATHSCALE__))
|         thisisanerror;
|       #endif
| 
|   ;
|   return 0;
| }
configure:19896: gcc -c -g -O2  conftest.c >&5
configure:19896: $? = 0
configure:19905: result: clang
configure:19915: checking for perl
configure:19938: found /usr/bin/perl
configure:19950: result: /usr/bin/perl
configure:19979: checking whether C compiler accepts -fno-strict-aliasing
configure:19999: gcc -c -g -O2  -fno-strict-aliasing  conftest.c >&5
configure:19999: $? = 0
configure:20008: result: yes
configure:20038: : RNA_CFLAGS="$RNA_CFLAGS"
configure:20041: $? = 0
configure:20064: checking whether C++ compiler accepts -fno-strict-aliasing
configure:20084: g++ -c -g -O2  -fno-strict-aliasing  conftest.cpp >&5
configure:20084: $? = 0
configure:20093: result: yes
configure:20123: : RNA_CXXFLAGS="$RNA_CXXFLAGS"
configure:20126: $? = 0
configure:20143: checking whether the linker accepts -fno-strict-aliasing
configure:20163: gcc -o conftest -g -O2    -fno-strict-aliasing conftest.c -lm  >&5
configure:20163: $? = 0
configure:20173: result: yes
configure:20203: : RNA_LDFLAGS="$RNA_LDFLAGS"
configure:20206: $? = 0
configure:20249: checking whether the C compiler allows unnamed unions of unnamed structs
configure:20273: gcc -o conftest -g -O2   conftest.c -lm  >&5
configure:20273: $? = 0
configure:20273: ./conftest
configure:20273: $? = 0
configure:20290: result: yes
configure:20296: checking whether the C++ compiler allows unnamed unions of unnamed structs
configure:20321: g++ -o conftest -g -O2   conftest.cpp -lm  >&5
configure:20321: $? = 0
configure:20321: ./conftest
configure:20321: $? = 0
configure:20338: result: yes
configure:20961: checking whether C compiler accepts -flto
configure:20981: gcc -c -g -O2  -flto  conftest.c >&5
configure:20981: $? = 0
configure:20990: result: yes
configure:21013: checking whether C++ compiler accepts -flto
configure:21033: g++ -c -g -O2  -flto  conftest.cpp >&5
configure:21033: $? = 0
configure:21042: result: yes
configure:21065: checking whether C compiler accepts -ffat-lto-objects
configure:21085: gcc -c -g -O2  -ffat-lto-objects  conftest.c >&5
clang: warning: optimization flag '-ffat-lto-objects' is not supported [-Wignored-optimization-argument]
configure:21085: $? = 0
configure:21094: result: yes
configure:21117: checking whether C++ compiler accepts -ffat-lto-objects
configure:21137: g++ -c -g -O2  -ffat-lto-objects  conftest.cpp >&5
clang: warning: optimization flag '-ffat-lto-objects' is not supported [-Wignored-optimization-argument]
configure:21137: $? = 0
configure:21146: result: yes
configure:21420: WARNING: Trying to re-set ar/ranlib/nm to compiler specific wrappers
configure:21765: WARNING: Building for OS X
configure:22108: checking whether the linker supports Link time Optimization (LTO)
configure:22137: gcc -o conftest -g -O2  -flto -ffat-lto-objects   -flto -ffat-lto-objects  -flto conftest.c -lm  >&5
clang: warning: optimization flag '-ffat-lto-objects' is not supported [-Wignored-optimization-argument]
clang: warning: optimization flag '-ffat-lto-objects' is not supported [-Wignored-optimization-argument]
conftest.c:76:1: error: implicitly declaring library function 'printf' with type 'int (const char *, ...)' [-Werror,-Wimplicit-function-declaration]
printf("bla");
^
conftest.c:76:1: note: include the header <stdio.h> or explicitly provide a declaration for 'printf'
1 error generated.
configure:22137: $? = 1
configure: failed program was:
| /* confdefs.h */
| #define PACKAGE_NAME "ViennaRNA"
| #define PACKAGE_TARNAME "ViennaRNA"
| #define PACKAGE_VERSION "2.4.18"
| #define PACKAGE_STRING "ViennaRNA 2.4.18"
| #define PACKAGE_BUGREPORT "rna@tbi.univie.ac.at"
| #define PACKAGE_URL "http://www.tbi.univie.ac.at/RNA"
| #define HAVE_STDIO_H 1
| #define HAVE_STDLIB_H 1
| #define HAVE_STRING_H 1
| #define HAVE_INTTYPES_H 1
| #define HAVE_STDINT_H 1
| #define HAVE_STRINGS_H 1
| #define HAVE_SYS_STAT_H 1
| #define HAVE_SYS_TYPES_H 1
| #define HAVE_UNISTD_H 1
| #define HAVE_WCHAR_H 1
| #define STDC_HEADERS 1
| #define _ALL_SOURCE 1
| #define _DARWIN_C_SOURCE 1
| #define _GNU_SOURCE 1
| #define _HPUX_ALT_XOPEN_SOCKET_API 1
| #define _NETBSD_SOURCE 1
| #define _OPENBSD_SOURCE 1
| #define _POSIX_PTHREAD_SEMANTICS 1
| #define __STDC_WANT_IEC_60559_ATTRIBS_EXT__ 1
| #define __STDC_WANT_IEC_60559_BFP_EXT__ 1
| #define __STDC_WANT_IEC_60559_DFP_EXT__ 1
| #define __STDC_WANT_IEC_60559_FUNCS_EXT__ 1
| #define __STDC_WANT_IEC_60559_TYPES_EXT__ 1
| #define __STDC_WANT_LIB_EXT2__ 1
| #define __STDC_WANT_MATH_SPEC_FUNCS__ 1
| #define _TANDEM_SOURCE 1
| #define __EXTENSIONS__ 1
| #define PACKAGE "ViennaRNA"
| #define VERSION "2.4.18"
| #define UNUSED __attribute__ ((unused))
| #define HAVE_DLFCN_H 1
| #define LT_OBJDIR ".libs/"
| #define HAVE_LIBM 1
| #define HAVE__BOOL 1
| #define HAVE_STDBOOL_H 1
| #define HAVE_FLOAT_H 1
| #define HAVE_LIMITS_H 1
| #define HAVE_STDLIB_H 1
| #define HAVE_STRING_H 1
| #define HAVE_STRINGS_H 1
| #define HAVE_UNISTD_H 1
| #define HAVE_MATH_H 1
| #define HAVE_STDARG_H 1
| #define HAVE_MALLOC 1
| #define HAVE_REALLOC 1
| #define HAVE_FLOOR 1
| #define HAVE_STRDUP 1
| #define HAVE_STRSTR 1
| #define HAVE_STRCHR 1
| #define HAVE_STRRCHR 1
| #define HAVE_STRSTR 1
| #define HAVE_STRTOL 1
| #define HAVE_STRTOUL 1
| #define HAVE_POW 1
| #define HAVE_RINT 1
| #define HAVE_SQRT 1
| #define HAVE_ERAND48 1
| #define HAVE_MEMSET 1
| #define HAVE_MEMMOVE 1
| #define HAVE_ERAND48 1
| #define HAVE_ASPRINTF 1
| #define HAVE_VASPRINTF 1
| /* end confdefs.h.  */
| 
|                     #include <stdlib.h>
| int
| main (void)
| {
| printf("bla");
|   ;
|   return 0;
| }
| 
configure:22157: result: no
configure:22164: WARNING: Your linker does not support Link Time Optimizaton! Disabling LTO support!
configure:22182: WARNING: Your compiler/linker combination does not support link-time optimization (LTO)
configure:22243: checking for ./src/libsvm-3.24/svm.cpp
configure:22246: result: yes
configure:22243: checking for ./src/libsvm-3.24/svm.h
configure:22246: result: yes
configure:22323: checking for ./src/json/json.c
configure:22326: result: yes
configure:22323: checking for ./src/json/json.h
configure:22326: result: yes
configure:22428: checking for cblas_dgemm in -lgslcblas
configure:22451: gcc -o conftest -g -O2   conftest.c -lgslcblas  -lm  >&5
ld: library not found for -lgslcblas
clang: error: linker command failed with exit code 1 (use -v to see invocation)
configure:22451: $? = 1
configure: failed program was:
| /* confdefs.h */
| #define PACKAGE_NAME "ViennaRNA"
| #define PACKAGE_TARNAME "ViennaRNA"
| #define PACKAGE_VERSION "2.4.18"
| #define PACKAGE_STRING "ViennaRNA 2.4.18"
| #define PACKAGE_BUGREPORT "rna@tbi.univie.ac.at"
| #define PACKAGE_URL "http://www.tbi.univie.ac.at/RNA"
| #define HAVE_STDIO_H 1
| #define HAVE_STDLIB_H 1
| #define HAVE_STRING_H 1
| #define HAVE_INTTYPES_H 1
| #define HAVE_STDINT_H 1
| #define HAVE_STRINGS_H 1
| #define HAVE_SYS_STAT_H 1
| #define HAVE_SYS_TYPES_H 1
| #define HAVE_UNISTD_H 1
| #define HAVE_WCHAR_H 1
| #define STDC_HEADERS 1
| #define _ALL_SOURCE 1
| #define _DARWIN_C_SOURCE 1
| #define _GNU_SOURCE 1
| #define _HPUX_ALT_XOPEN_SOCKET_API 1
| #define _NETBSD_SOURCE 1
| #define _OPENBSD_SOURCE 1
| #define _POSIX_PTHREAD_SEMANTICS 1
| #define __STDC_WANT_IEC_60559_ATTRIBS_EXT__ 1
| #define __STDC_WANT_IEC_60559_BFP_EXT__ 1
| #define __STDC_WANT_IEC_60559_DFP_EXT__ 1
| #define __STDC_WANT_IEC_60559_FUNCS_EXT__ 1
| #define __STDC_WANT_IEC_60559_TYPES_EXT__ 1
| #define __STDC_WANT_LIB_EXT2__ 1
| #define __STDC_WANT_MATH_SPEC_FUNCS__ 1
| #define _TANDEM_SOURCE 1
| #define __EXTENSIONS__ 1
| #define PACKAGE "ViennaRNA"
| #define VERSION "2.4.18"
| #define UNUSED __attribute__ ((unused))
| #define HAVE_DLFCN_H 1
| #define LT_OBJDIR ".libs/"
| #define HAVE_LIBM 1
| #define HAVE__BOOL 1
| #define HAVE_STDBOOL_H 1
| #define HAVE_FLOAT_H 1
| #define HAVE_LIMITS_H 1
| #define HAVE_STDLIB_H 1
| #define HAVE_STRING_H 1
| #define HAVE_STRINGS_H 1
| #define HAVE_UNISTD_H 1
| #define HAVE_MATH_H 1
| #define HAVE_STDARG_H 1
| #define HAVE_MALLOC 1
| #define HAVE_REALLOC 1
| #define HAVE_FLOOR 1
| #define HAVE_STRDUP 1
| #define HAVE_STRSTR 1
| #define HAVE_STRCHR 1
| #define HAVE_STRRCHR 1
| #define HAVE_STRSTR 1
| #define HAVE_STRTOL 1
| #define HAVE_STRTOUL 1
| #define HAVE_POW 1
| #define HAVE_RINT 1
| #define HAVE_SQRT 1
| #define HAVE_ERAND48 1
| #define HAVE_MEMSET 1
| #define HAVE_MEMMOVE 1
| #define HAVE_ERAND48 1
| #define HAVE_ASPRINTF 1
| #define HAVE_VASPRINTF 1
| #define VRNA_WITH_SVM 1
| #define VRNA_WITH_JSON_SUPPORT 1
| /* end confdefs.h.  */
| 
| /* Override any GCC internal prototype to avoid an error.
|    Use char because int might match the return type of a GCC
|    builtin and then its argument prototype would still apply.  */
| char cblas_dgemm ();
| int
| main (void)
| {
| return cblas_dgemm ();
|   ;
|   return 0;
| }
configure:22461: result: no
configure:22471: checking for gsl_blas_dgemm in -lgsl
configure:22494: gcc -o conftest -g -O2   conftest.c -lgsl  -lm  >&5
ld: library not found for -lgsl
clang: error: linker command failed with exit code 1 (use -v to see invocation)
configure:22494: $? = 1
configure: failed program was:
| /* confdefs.h */
| #define PACKAGE_NAME "ViennaRNA"
| #define PACKAGE_TARNAME "ViennaRNA"
| #define PACKAGE_VERSION "2.4.18"
| #define PACKAGE_STRING "ViennaRNA 2.4.18"
| #define PACKAGE_BUGREPORT "rna@tbi.univie.ac.at"
| #define PACKAGE_URL "http://www.tbi.univie.ac.at/RNA"
| #define HAVE_STDIO_H 1
| #define HAVE_STDLIB_H 1
| #define HAVE_STRING_H 1
| #define HAVE_INTTYPES_H 1
| #define HAVE_STDINT_H 1
| #define HAVE_STRINGS_H 1
| #define HAVE_SYS_STAT_H 1
| #define HAVE_SYS_TYPES_H 1
| #define HAVE_UNISTD_H 1
| #define HAVE_WCHAR_H 1
| #define STDC_HEADERS 1
| #define _ALL_SOURCE 1
| #define _DARWIN_C_SOURCE 1
| #define _GNU_SOURCE 1
| #define _HPUX_ALT_XOPEN_SOCKET_API 1
| #define _NETBSD_SOURCE 1
| #define _OPENBSD_SOURCE 1
| #define _POSIX_PTHREAD_SEMANTICS 1
| #define __STDC_WANT_IEC_60559_ATTRIBS_EXT__ 1
| #define __STDC_WANT_IEC_60559_BFP_EXT__ 1
| #define __STDC_WANT_IEC_60559_DFP_EXT__ 1
| #define __STDC_WANT_IEC_60559_FUNCS_EXT__ 1
| #define __STDC_WANT_IEC_60559_TYPES_EXT__ 1
| #define __STDC_WANT_LIB_EXT2__ 1
| #define __STDC_WANT_MATH_SPEC_FUNCS__ 1
| #define _TANDEM_SOURCE 1
| #define __EXTENSIONS__ 1
| #define PACKAGE "ViennaRNA"
| #define VERSION "2.4.18"
| #define UNUSED __attribute__ ((unused))
| #define HAVE_DLFCN_H 1
| #define LT_OBJDIR ".libs/"
| #define HAVE_LIBM 1
| #define HAVE__BOOL 1
| #define HAVE_STDBOOL_H 1
| #define HAVE_FLOAT_H 1
| #define HAVE_LIMITS_H 1
| #define HAVE_STDLIB_H 1
| #define HAVE_STRING_H 1
| #define HAVE_STRINGS_H 1
| #define HAVE_UNISTD_H 1
| #define HAVE_MATH_H 1
| #define HAVE_STDARG_H 1
| #define HAVE_MALLOC 1
| #define HAVE_REALLOC 1
| #define HAVE_FLOOR 1
| #define HAVE_STRDUP 1
| #define HAVE_STRSTR 1
| #define HAVE_STRCHR 1
| #define HAVE_STRRCHR 1
| #define HAVE_STRSTR 1
| #define HAVE_STRTOL 1
| #define HAVE_STRTOUL 1
| #define HAVE_POW 1
| #define HAVE_RINT 1
| #define HAVE_SQRT 1
| #define HAVE_ERAND48 1
| #define HAVE_MEMSET 1
| #define HAVE_MEMMOVE 1
| #define HAVE_ERAND48 1
| #define HAVE_ASPRINTF 1
| #define HAVE_VASPRINTF 1
| #define VRNA_WITH_SVM 1
| #define VRNA_WITH_JSON_SUPPORT 1
| /* end confdefs.h.  */
| 
| /* Override any GCC internal prototype to avoid an error.
|    Use char because int might match the return type of a GCC
|    builtin and then its argument prototype would still apply.  */
| char gsl_blas_dgemm ();
| int
| main (void)
| {
| return gsl_blas_dgemm ();
|   ;
|   return 0;
| }
configure:22504: result: no
configure:22516: WARNING: "Can't find libgsl. Falling back to default implementation."
configure:22583: checking for OpenMP flag of C compiler
configure:22626: gcc -o conftest -g -O2 -fopenmp   conftest.c -lm  >&5
clang: error: unsupported option '-fopenmp'
clang: error: unsupported option '-fopenmp'
configure:22626: $? = 1
configure: failed program was:
| /* confdefs.h */
| #define PACKAGE_NAME "ViennaRNA"
| #define PACKAGE_TARNAME "ViennaRNA"
| #define PACKAGE_VERSION "2.4.18"
| #define PACKAGE_STRING "ViennaRNA 2.4.18"
| #define PACKAGE_BUGREPORT "rna@tbi.univie.ac.at"
| #define PACKAGE_URL "http://www.tbi.univie.ac.at/RNA"
| #define HAVE_STDIO_H 1
| #define HAVE_STDLIB_H 1
| #define HAVE_STRING_H 1
| #define HAVE_INTTYPES_H 1
| #define HAVE_STDINT_H 1
| #define HAVE_STRINGS_H 1
| #define HAVE_SYS_STAT_H 1
| #define HAVE_SYS_TYPES_H 1
| #define HAVE_UNISTD_H 1
| #define HAVE_WCHAR_H 1
| #define STDC_HEADERS 1
| #define _ALL_SOURCE 1
| #define _DARWIN_C_SOURCE 1
| #define _GNU_SOURCE 1
| #define _HPUX_ALT_XOPEN_SOCKET_API 1
| #define _NETBSD_SOURCE 1
| #define _OPENBSD_SOURCE 1
| #define _POSIX_PTHREAD_SEMANTICS 1
| #define __STDC_WANT_IEC_60559_ATTRIBS_EXT__ 1
| #define __STDC_WANT_IEC_60559_BFP_EXT__ 1
| #define __STDC_WANT_IEC_60559_DFP_EXT__ 1
| #define __STDC_WANT_IEC_60559_FUNCS_EXT__ 1
| #define __STDC_WANT_IEC_60559_TYPES_EXT__ 1
| #define __STDC_WANT_LIB_EXT2__ 1
| #define __STDC_WANT_MATH_SPEC_FUNCS__ 1
| #define _TANDEM_SOURCE 1
| #define __EXTENSIONS__ 1
| #define PACKAGE "ViennaRNA"
| #define VERSION "2.4.18"
| #define UNUSED __attribute__ ((unused))
| #define HAVE_DLFCN_H 1
| #define LT_OBJDIR ".libs/"
| #define HAVE_LIBM 1
| #define HAVE__BOOL 1
| #define HAVE_STDBOOL_H 1
| #define HAVE_FLOAT_H 1
| #define HAVE_LIMITS_H 1
| #define HAVE_STDLIB_H 1
| #define HAVE_STRING_H 1
| #define HAVE_STRINGS_H 1
| #define HAVE_UNISTD_H 1
| #define HAVE_MATH_H 1
| #define HAVE_STDARG_H 1
| #define HAVE_MALLOC 1
| #define HAVE_REALLOC 1
| #define HAVE_FLOOR 1
| #define HAVE_STRDUP 1
| #define HAVE_STRSTR 1
| #define HAVE_STRCHR 1
| #define HAVE_STRRCHR 1
| #define HAVE_STRSTR 1
| #define HAVE_STRTOL 1
| #define HAVE_STRTOUL 1
| #define HAVE_POW 1
| #define HAVE_RINT 1
| #define HAVE_SQRT 1
| #define HAVE_ERAND48 1
| #define HAVE_MEMSET 1
| #define HAVE_MEMMOVE 1
| #define HAVE_ERAND48 1
| #define HAVE_ASPRINTF 1
| #define HAVE_VASPRINTF 1
| #define VRNA_WITH_SVM 1
| #define VRNA_WITH_JSON_SUPPORT 1
| /* end confdefs.h.  */
| 
| #include <omp.h>
| 
| static void
| parallel_fill(int * data, int n)
| {
|   int i;
| #pragma omp parallel for
|   for (i = 0; i < n; ++i)
|     data[i] = i;
| }
| 
| int
| main()
| {
|   int arr[100000];
|   omp_set_num_threads(2);
|   parallel_fill(arr, 100000);
|   return 0;
| }
| 
configure:22626: gcc -o conftest -g -O2 -openmp   conftest.c -lm  >&5
conftest.c:74:10: fatal error: 'omp.h' file not found
#include <omp.h>
         ^~~~~~~
1 error generated.
configure:22626: $? = 1
configure: failed program was:
| /* confdefs.h */
| #define PACKAGE_NAME "ViennaRNA"
| #define PACKAGE_TARNAME "ViennaRNA"
| #define PACKAGE_VERSION "2.4.18"
| #define PACKAGE_STRING "ViennaRNA 2.4.18"
| #define PACKAGE_BUGREPORT "rna@tbi.univie.ac.at"
| #define PACKAGE_URL "http://www.tbi.univie.ac.at/RNA"
| #define HAVE_STDIO_H 1
| #define HAVE_STDLIB_H 1
| #define HAVE_STRING_H 1
| #define HAVE_INTTYPES_H 1
| #define HAVE_STDINT_H 1
| #define HAVE_STRINGS_H 1
| #define HAVE_SYS_STAT_H 1
| #define HAVE_SYS_TYPES_H 1
| #define HAVE_UNISTD_H 1
| #define HAVE_WCHAR_H 1
| #define STDC_HEADERS 1
| #define _ALL_SOURCE 1
| #define _DARWIN_C_SOURCE 1
| #define _GNU_SOURCE 1
| #define _HPUX_ALT_XOPEN_SOCKET_API 1
| #define _NETBSD_SOURCE 1
| #define _OPENBSD_SOURCE 1
| #define _POSIX_PTHREAD_SEMANTICS 1
| #define __STDC_WANT_IEC_60559_ATTRIBS_EXT__ 1
| #define __STDC_WANT_IEC_60559_BFP_EXT__ 1
| #define __STDC_WANT_IEC_60559_DFP_EXT__ 1
| #define __STDC_WANT_IEC_60559_FUNCS_EXT__ 1
| #define __STDC_WANT_IEC_60559_TYPES_EXT__ 1
| #define __STDC_WANT_LIB_EXT2__ 1
| #define __STDC_WANT_MATH_SPEC_FUNCS__ 1
| #define _TANDEM_SOURCE 1
| #define __EXTENSIONS__ 1
| #define PACKAGE "ViennaRNA"
| #define VERSION "2.4.18"
| #define UNUSED __attribute__ ((unused))
| #define HAVE_DLFCN_H 1
| #define LT_OBJDIR ".libs/"
| #define HAVE_LIBM 1
| #define HAVE__BOOL 1
| #define HAVE_STDBOOL_H 1
| #define HAVE_FLOAT_H 1
| #define HAVE_LIMITS_H 1
| #define HAVE_STDLIB_H 1
| #define HAVE_STRING_H 1
| #define HAVE_STRINGS_H 1
| #define HAVE_UNISTD_H 1
| #define HAVE_MATH_H 1
| #define HAVE_STDARG_H 1
| #define HAVE_MALLOC 1
| #define HAVE_REALLOC 1
| #define HAVE_FLOOR 1
| #define HAVE_STRDUP 1
| #define HAVE_STRSTR 1
| #define HAVE_STRCHR 1
| #define HAVE_STRRCHR 1
| #define HAVE_STRSTR 1
| #define HAVE_STRTOL 1
| #define HAVE_STRTOUL 1
| #define HAVE_POW 1
| #define HAVE_RINT 1
| #define HAVE_SQRT 1
| #define HAVE_ERAND48 1
| #define HAVE_MEMSET 1
| #define HAVE_MEMMOVE 1
| #define HAVE_ERAND48 1
| #define HAVE_ASPRINTF 1
| #define HAVE_VASPRINTF 1
| #define VRNA_WITH_SVM 1
| #define VRNA_WITH_JSON_SUPPORT 1
| /* end confdefs.h.  */
| 
| #include <omp.h>
| 
| static void
| parallel_fill(int * data, int n)
| {
|   int i;
| #pragma omp parallel for
|   for (i = 0; i < n; ++i)
|     data[i] = i;
| }
| 
| int
| main()
| {
|   int arr[100000];
|   omp_set_num_threads(2);
|   parallel_fill(arr, 100000);
|   return 0;
| }
| 
configure:22626: gcc -o conftest -g -O2 -mp   conftest.c -lm  >&5
clang: error: unknown argument: '-mp'
configure:22626: $? = 1
configure: failed program was:
| /* confdefs.h */
| #define PACKAGE_NAME "ViennaRNA"
| #define PACKAGE_TARNAME "ViennaRNA"
| #define PACKAGE_VERSION "2.4.18"
| #define PACKAGE_STRING "ViennaRNA 2.4.18"
| #define PACKAGE_BUGREPORT "rna@tbi.univie.ac.at"
| #define PACKAGE_URL "http://www.tbi.univie.ac.at/RNA"
| #define HAVE_STDIO_H 1
| #define HAVE_STDLIB_H 1
| #define HAVE_STRING_H 1
| #define HAVE_INTTYPES_H 1
| #define HAVE_STDINT_H 1
| #define HAVE_STRINGS_H 1
| #define HAVE_SYS_STAT_H 1
| #define HAVE_SYS_TYPES_H 1
| #define HAVE_UNISTD_H 1
| #define HAVE_WCHAR_H 1
| #define STDC_HEADERS 1
| #define _ALL_SOURCE 1
| #define _DARWIN_C_SOURCE 1
| #define _GNU_SOURCE 1
| #define _HPUX_ALT_XOPEN_SOCKET_API 1
| #define _NETBSD_SOURCE 1
| #define _OPENBSD_SOURCE 1
| #define _POSIX_PTHREAD_SEMANTICS 1
| #define __STDC_WANT_IEC_60559_ATTRIBS_EXT__ 1
| #define __STDC_WANT_IEC_60559_BFP_EXT__ 1
| #define __STDC_WANT_IEC_60559_DFP_EXT__ 1
| #define __STDC_WANT_IEC_60559_FUNCS_EXT__ 1
| #define __STDC_WANT_IEC_60559_TYPES_EXT__ 1
| #define __STDC_WANT_LIB_EXT2__ 1
| #define __STDC_WANT_MATH_SPEC_FUNCS__ 1
| #define _TANDEM_SOURCE 1
| #define __EXTENSIONS__ 1
| #define PACKAGE "ViennaRNA"
| #define VERSION "2.4.18"
| #define UNUSED __attribute__ ((unused))
| #define HAVE_DLFCN_H 1
| #define LT_OBJDIR ".libs/"
| #define HAVE_LIBM 1
| #define HAVE__BOOL 1
| #define HAVE_STDBOOL_H 1
| #define HAVE_FLOAT_H 1
| #define HAVE_LIMITS_H 1
| #define HAVE_STDLIB_H 1
| #define HAVE_STRING_H 1
| #define HAVE_STRINGS_H 1
| #define HAVE_UNISTD_H 1
| #define HAVE_MATH_H 1
| #define HAVE_STDARG_H 1
| #define HAVE_MALLOC 1
| #define HAVE_REALLOC 1
| #define HAVE_FLOOR 1
| #define HAVE_STRDUP 1
| #define HAVE_STRSTR 1
| #define HAVE_STRCHR 1
| #define HAVE_STRRCHR 1
| #define HAVE_STRSTR 1
| #define HAVE_STRTOL 1
| #define HAVE_STRTOUL 1
| #define HAVE_POW 1
| #define HAVE_RINT 1
| #define HAVE_SQRT 1
| #define HAVE_ERAND48 1
| #define HAVE_MEMSET 1
| #define HAVE_MEMMOVE 1
| #define HAVE_ERAND48 1
| #define HAVE_ASPRINTF 1
| #define HAVE_VASPRINTF 1
| #define VRNA_WITH_SVM 1
| #define VRNA_WITH_JSON_SUPPORT 1
| /* end confdefs.h.  */
| 
| #include <omp.h>
| 
| static void
| parallel_fill(int * data, int n)
| {
|   int i;
| #pragma omp parallel for
|   for (i = 0; i < n; ++i)
|     data[i] = i;
| }
| 
| int
| main()
| {
|   int arr[100000];
|   omp_set_num_threads(2);
|   parallel_fill(arr, 100000);
|   return 0;
| }
| 
configure:22626: gcc -o conftest -g -O2 -xopenmp   conftest.c -lm  >&5
clang: error: language not recognized: 'openmp'
configure:22626: $? = 1
configure: failed program was:
| /* confdefs.h */
| #define PACKAGE_NAME "ViennaRNA"
| #define PACKAGE_TARNAME "ViennaRNA"
| #define PACKAGE_VERSION "2.4.18"
| #define PACKAGE_STRING "ViennaRNA 2.4.18"
| #define PACKAGE_BUGREPORT "rna@tbi.univie.ac.at"
| #define PACKAGE_URL "http://www.tbi.univie.ac.at/RNA"
| #define HAVE_STDIO_H 1
| #define HAVE_STDLIB_H 1
| #define HAVE_STRING_H 1
| #define HAVE_INTTYPES_H 1
| #define HAVE_STDINT_H 1
| #define HAVE_STRINGS_H 1
| #define HAVE_SYS_STAT_H 1
| #define HAVE_SYS_TYPES_H 1
| #define HAVE_UNISTD_H 1
| #define HAVE_WCHAR_H 1
| #define STDC_HEADERS 1
| #define _ALL_SOURCE 1
| #define _DARWIN_C_SOURCE 1
| #define _GNU_SOURCE 1
| #define _HPUX_ALT_XOPEN_SOCKET_API 1
| #define _NETBSD_SOURCE 1
| #define _OPENBSD_SOURCE 1
| #define _POSIX_PTHREAD_SEMANTICS 1
| #define __STDC_WANT_IEC_60559_ATTRIBS_EXT__ 1
| #define __STDC_WANT_IEC_60559_BFP_EXT__ 1
| #define __STDC_WANT_IEC_60559_DFP_EXT__ 1
| #define __STDC_WANT_IEC_60559_FUNCS_EXT__ 1
| #define __STDC_WANT_IEC_60559_TYPES_EXT__ 1
| #define __STDC_WANT_LIB_EXT2__ 1
| #define __STDC_WANT_MATH_SPEC_FUNCS__ 1
| #define _TANDEM_SOURCE 1
| #define __EXTENSIONS__ 1
| #define PACKAGE "ViennaRNA"
| #define VERSION "2.4.18"
| #define UNUSED __attribute__ ((unused))
| #define HAVE_DLFCN_H 1
| #define LT_OBJDIR ".libs/"
| #define HAVE_LIBM 1
| #define HAVE__BOOL 1
| #define HAVE_STDBOOL_H 1
| #define HAVE_FLOAT_H 1
| #define HAVE_LIMITS_H 1
| #define HAVE_STDLIB_H 1
| #define HAVE_STRING_H 1
| #define HAVE_STRINGS_H 1
| #define HAVE_UNISTD_H 1
| #define HAVE_MATH_H 1
| #define HAVE_STDARG_H 1
| #define HAVE_MALLOC 1
| #define HAVE_REALLOC 1
| #define HAVE_FLOOR 1
| #define HAVE_STRDUP 1
| #define HAVE_STRSTR 1
| #define HAVE_STRCHR 1
| #define HAVE_STRRCHR 1
| #define HAVE_STRSTR 1
| #define HAVE_STRTOL 1
| #define HAVE_STRTOUL 1
| #define HAVE_POW 1
| #define HAVE_RINT 1
| #define HAVE_SQRT 1
| #define HAVE_ERAND48 1
| #define HAVE_MEMSET 1
| #define HAVE_MEMMOVE 1
| #define HAVE_ERAND48 1
| #define HAVE_ASPRINTF 1
| #define HAVE_VASPRINTF 1
| #define VRNA_WITH_SVM 1
| #define VRNA_WITH_JSON_SUPPORT 1
| /* end confdefs.h.  */
| 
| #include <omp.h>
| 
| static void
| parallel_fill(int * data, int n)
| {
|   int i;
| #pragma omp parallel for
|   for (i = 0; i < n; ++i)
|     data[i] = i;
| }
| 
| int
| main()
| {
|   int arr[100000];
|   omp_set_num_threads(2);
|   parallel_fill(arr, 100000);
|   return 0;
| }
| 
configure:22626: gcc -o conftest -g -O2 -omp   conftest.c -lm  >&5
conftest.c:74:10: fatal error: 'omp.h' file not found
#include <omp.h>
         ^~~~~~~
1 error generated.
configure:22626: $? = 1
configure: failed program was:
| /* confdefs.h */
| #define PACKAGE_NAME "ViennaRNA"
| #define PACKAGE_TARNAME "ViennaRNA"
| #define PACKAGE_VERSION "2.4.18"
| #define PACKAGE_STRING "ViennaRNA 2.4.18"
| #define PACKAGE_BUGREPORT "rna@tbi.univie.ac.at"
| #define PACKAGE_URL "http://www.tbi.univie.ac.at/RNA"
| #define HAVE_STDIO_H 1
| #define HAVE_STDLIB_H 1
| #define HAVE_STRING_H 1
| #define HAVE_INTTYPES_H 1
| #define HAVE_STDINT_H 1
| #define HAVE_STRINGS_H 1
| #define HAVE_SYS_STAT_H 1
| #define HAVE_SYS_TYPES_H 1
| #define HAVE_UNISTD_H 1
| #define HAVE_WCHAR_H 1
| #define STDC_HEADERS 1
| #define _ALL_SOURCE 1
| #define _DARWIN_C_SOURCE 1
| #define _GNU_SOURCE 1
| #define _HPUX_ALT_XOPEN_SOCKET_API 1
| #define _NETBSD_SOURCE 1
| #define _OPENBSD_SOURCE 1
| #define _POSIX_PTHREAD_SEMANTICS 1
| #define __STDC_WANT_IEC_60559_ATTRIBS_EXT__ 1
| #define __STDC_WANT_IEC_60559_BFP_EXT__ 1
| #define __STDC_WANT_IEC_60559_DFP_EXT__ 1
| #define __STDC_WANT_IEC_60559_FUNCS_EXT__ 1
| #define __STDC_WANT_IEC_60559_TYPES_EXT__ 1
| #define __STDC_WANT_LIB_EXT2__ 1
| #define __STDC_WANT_MATH_SPEC_FUNCS__ 1
| #define _TANDEM_SOURCE 1
| #define __EXTENSIONS__ 1
| #define PACKAGE "ViennaRNA"
| #define VERSION "2.4.18"
| #define UNUSED __attribute__ ((unused))
| #define HAVE_DLFCN_H 1
| #define LT_OBJDIR ".libs/"
| #define HAVE_LIBM 1
| #define HAVE__BOOL 1
| #define HAVE_STDBOOL_H 1
| #define HAVE_FLOAT_H 1
| #define HAVE_LIMITS_H 1
| #define HAVE_STDLIB_H 1
| #define HAVE_STRING_H 1
| #define HAVE_STRINGS_H 1
| #define HAVE_UNISTD_H 1
| #define HAVE_MATH_H 1
| #define HAVE_STDARG_H 1
| #define HAVE_MALLOC 1
| #define HAVE_REALLOC 1
| #define HAVE_FLOOR 1
| #define HAVE_STRDUP 1
| #define HAVE_STRSTR 1
| #define HAVE_STRCHR 1
| #define HAVE_STRRCHR 1
| #define HAVE_STRSTR 1
| #define HAVE_STRTOL 1
| #define HAVE_STRTOUL 1
| #define HAVE_POW 1
| #define HAVE_RINT 1
| #define HAVE_SQRT 1
| #define HAVE_ERAND48 1
| #define HAVE_MEMSET 1
| #define HAVE_MEMMOVE 1
| #define HAVE_ERAND48 1
| #define HAVE_ASPRINTF 1
| #define HAVE_VASPRINTF 1
| #define VRNA_WITH_SVM 1
| #define VRNA_WITH_JSON_SUPPORT 1
| /* end confdefs.h.  */
| 
| #include <omp.h>
| 
| static void
| parallel_fill(int * data, int n)
| {
|   int i;
| #pragma omp parallel for
|   for (i = 0; i < n; ++i)
|     data[i] = i;
| }
| 
| int
| main()
| {
|   int arr[100000];
|   omp_set_num_threads(2);
|   parallel_fill(arr, 100000);
|   return 0;
| }
| 
configure:22626: gcc -o conftest -g -O2 -qsmp=omp   conftest.c -lm  >&5
clang: error: unknown argument: '-qsmp=omp'
configure:22626: $? = 1
configure: failed program was:
| /* confdefs.h */
| #define PACKAGE_NAME "ViennaRNA"
| #define PACKAGE_TARNAME "ViennaRNA"
| #define PACKAGE_VERSION "2.4.18"
| #define PACKAGE_STRING "ViennaRNA 2.4.18"
| #define PACKAGE_BUGREPORT "rna@tbi.univie.ac.at"
| #define PACKAGE_URL "http://www.tbi.univie.ac.at/RNA"
| #define HAVE_STDIO_H 1
| #define HAVE_STDLIB_H 1
| #define HAVE_STRING_H 1
| #define HAVE_INTTYPES_H 1
| #define HAVE_STDINT_H 1
| #define HAVE_STRINGS_H 1
| #define HAVE_SYS_STAT_H 1
| #define HAVE_SYS_TYPES_H 1
| #define HAVE_UNISTD_H 1
| #define HAVE_WCHAR_H 1
| #define STDC_HEADERS 1
| #define _ALL_SOURCE 1
| #define _DARWIN_C_SOURCE 1
| #define _GNU_SOURCE 1
| #define _HPUX_ALT_XOPEN_SOCKET_API 1
| #define _NETBSD_SOURCE 1
| #define _OPENBSD_SOURCE 1
| #define _POSIX_PTHREAD_SEMANTICS 1
| #define __STDC_WANT_IEC_60559_ATTRIBS_EXT__ 1
| #define __STDC_WANT_IEC_60559_BFP_EXT__ 1
| #define __STDC_WANT_IEC_60559_DFP_EXT__ 1
| #define __STDC_WANT_IEC_60559_FUNCS_EXT__ 1
| #define __STDC_WANT_IEC_60559_TYPES_EXT__ 1
| #define __STDC_WANT_LIB_EXT2__ 1
| #define __STDC_WANT_MATH_SPEC_FUNCS__ 1
| #define _TANDEM_SOURCE 1
| #define __EXTENSIONS__ 1
| #define PACKAGE "ViennaRNA"
| #define VERSION "2.4.18"
| #define UNUSED __attribute__ ((unused))
| #define HAVE_DLFCN_H 1
| #define LT_OBJDIR ".libs/"
| #define HAVE_LIBM 1
| #define HAVE__BOOL 1
| #define HAVE_STDBOOL_H 1
| #define HAVE_FLOAT_H 1
| #define HAVE_LIMITS_H 1
| #define HAVE_STDLIB_H 1
| #define HAVE_STRING_H 1
| #define HAVE_STRINGS_H 1
| #define HAVE_UNISTD_H 1
| #define HAVE_MATH_H 1
| #define HAVE_STDARG_H 1
| #define HAVE_MALLOC 1
| #define HAVE_REALLOC 1
| #define HAVE_FLOOR 1
| #define HAVE_STRDUP 1
| #define HAVE_STRSTR 1
| #define HAVE_STRCHR 1
| #define HAVE_STRRCHR 1
| #define HAVE_STRSTR 1
| #define HAVE_STRTOL 1
| #define HAVE_STRTOUL 1
| #define HAVE_POW 1
| #define HAVE_RINT 1
| #define HAVE_SQRT 1
| #define HAVE_ERAND48 1
| #define HAVE_MEMSET 1
| #define HAVE_MEMMOVE 1
| #define HAVE_ERAND48 1
| #define HAVE_ASPRINTF 1
| #define HAVE_VASPRINTF 1
| #define VRNA_WITH_SVM 1
| #define VRNA_WITH_JSON_SUPPORT 1
| /* end confdefs.h.  */
| 
| #include <omp.h>
| 
| static void
| parallel_fill(int * data, int n)
| {
|   int i;
| #pragma omp parallel for
|   for (i = 0; i < n; ++i)
|     data[i] = i;
| }
| 
| int
| main()
| {
|   int arr[100000];
|   omp_set_num_threads(2);
|   parallel_fill(arr, 100000);
|   return 0;
| }
| 
configure:22626: gcc -o conftest    conftest.c -lm  >&5
conftest.c:74:10: fatal error: 'omp.h' file not found
#include <omp.h>
         ^~~~~~~
1 error generated.
configure:22626: $? = 1
configure: failed program was:
| /* confdefs.h */
| #define PACKAGE_NAME "ViennaRNA"
| #define PACKAGE_TARNAME "ViennaRNA"
| #define PACKAGE_VERSION "2.4.18"
| #define PACKAGE_STRING "ViennaRNA 2.4.18"
| #define PACKAGE_BUGREPORT "rna@tbi.univie.ac.at"
| #define PACKAGE_URL "http://www.tbi.univie.ac.at/RNA"
| #define HAVE_STDIO_H 1
| #define HAVE_STDLIB_H 1
| #define HAVE_STRING_H 1
| #define HAVE_INTTYPES_H 1
| #define HAVE_STDINT_H 1
| #define HAVE_STRINGS_H 1
| #define HAVE_SYS_STAT_H 1
| #define HAVE_SYS_TYPES_H 1
| #define HAVE_UNISTD_H 1
| #define HAVE_WCHAR_H 1
| #define STDC_HEADERS 1
| #define _ALL_SOURCE 1
| #define _DARWIN_C_SOURCE 1
| #define _GNU_SOURCE 1
| #define _HPUX_ALT_XOPEN_SOCKET_API 1
| #define _NETBSD_SOURCE 1
| #define _OPENBSD_SOURCE 1
| #define _POSIX_PTHREAD_SEMANTICS 1
| #define __STDC_WANT_IEC_60559_ATTRIBS_EXT__ 1
| #define __STDC_WANT_IEC_60559_BFP_EXT__ 1
| #define __STDC_WANT_IEC_60559_DFP_EXT__ 1
| #define __STDC_WANT_IEC_60559_FUNCS_EXT__ 1
| #define __STDC_WANT_IEC_60559_TYPES_EXT__ 1
| #define __STDC_WANT_LIB_EXT2__ 1
| #define __STDC_WANT_MATH_SPEC_FUNCS__ 1
| #define _TANDEM_SOURCE 1
| #define __EXTENSIONS__ 1
| #define PACKAGE "ViennaRNA"
| #define VERSION "2.4.18"
| #define UNUSED __attribute__ ((unused))
| #define HAVE_DLFCN_H 1
| #define LT_OBJDIR ".libs/"
| #define HAVE_LIBM 1
| #define HAVE__BOOL 1
| #define HAVE_STDBOOL_H 1
| #define HAVE_FLOAT_H 1
| #define HAVE_LIMITS_H 1
| #define HAVE_STDLIB_H 1
| #define HAVE_STRING_H 1
| #define HAVE_STRINGS_H 1
| #define HAVE_UNISTD_H 1
| #define HAVE_MATH_H 1
| #define HAVE_STDARG_H 1
| #define HAVE_MALLOC 1
| #define HAVE_REALLOC 1
| #define HAVE_FLOOR 1
| #define HAVE_STRDUP 1
| #define HAVE_STRSTR 1
| #define HAVE_STRCHR 1
| #define HAVE_STRRCHR 1
| #define HAVE_STRSTR 1
| #define HAVE_STRTOL 1
| #define HAVE_STRTOUL 1
| #define HAVE_POW 1
| #define HAVE_RINT 1
| #define HAVE_SQRT 1
| #define HAVE_ERAND48 1
| #define HAVE_MEMSET 1
| #define HAVE_MEMMOVE 1
| #define HAVE_ERAND48 1
| #define HAVE_ASPRINTF 1
| #define HAVE_VASPRINTF 1
| #define VRNA_WITH_SVM 1
| #define VRNA_WITH_JSON_SUPPORT 1
| /* end confdefs.h.  */
| 
| #include <omp.h>
| 
| static void
| parallel_fill(int * data, int n)
| {
|   int i;
| #pragma omp parallel for
|   for (i = 0; i < n; ++i)
|     data[i] = i;
| }
| 
| int
| main()
| {
|   int arr[100000];
|   omp_set_num_threads(2);
|   parallel_fill(arr, 100000);
|   return 0;
| }
| 
configure:22636: result: unknown
configure:22944: checking whether gcc is Clang
configure:22971: result: yes
configure:23036: checking whether pthreads work with "-pthread" and "-lpthread"
configure:23147: gcc -o conftest -g -O2 -pthread   conftest.c -lpthread -lm  >&5
configure:23147: $? = 0
configure:23157: result: yes
configure:23206: checking whether Clang needs flag to prevent "argument unused" warning when linking with -pthread
configure:23233: gcc -o conftest -Werror -Wunknown-warning-option  -pthread -g -O2   conftest.c -lm  >&5
configure:23233: $? = 0
configure:23240: (gcc -c -Werror -Wunknown-warning-option  -pthread -g -O2  conftest.c >&5) && (echo ==== >&5) && (gcc -o conftest -Werror -Wunknown-warning-option  -pthread -g -O2   conftest.o -lm  >&5)
====
configure:23240: $? = 0
configure:23260: result: no
configure:23280: checking for joinable pthread attribute
configure:23299: gcc -o conftest -g -O2 -pthread   conftest.c -lpthread -lm  >&5
configure:23299: $? = 0
configure:23308: result: PTHREAD_CREATE_JOINABLE
configure:23321: checking whether more special flags are required for pthreads
configure:23335: result: no
configure:23344: checking for PTHREAD_PRIO_INHERIT
configure:23362: gcc -o conftest -g -O2 -pthread   conftest.c -lpthread -lm  >&5
configure:23362: $? = 0
configure:23372: result: yes
configure:23999: checking compiler support for AVX 512 instructions
configure:24035: gcc -c -g -O2 -Werror -mavx512f  conftest.c >&5
configure:24035: $? = 0
configure:24038: result: yes
configure:24062: checking compiler support for SSE 4.1 instructions
configure:24093: gcc -c -g -O2 -Werror -msse4.1  conftest.c >&5
configure:24093: $? = 0
configure:24096: result: yes
configure:24176: checking whether C compiler accepts -ftree-vectorize
configure:24196: gcc -c -g -O2  -ftree-vectorize  conftest.c >&5
configure:24196: $? = 0
configure:24205: result: yes
configure:24224: : RNA_CFLAGS="$RNA_CFLAGS"
configure:24227: $? = 0
configure:24287: checking for mpfr.h
configure:24287: gcc -c -g -O2  conftest.c >&5
configure:24287: $? = 0
configure:24287: result: yes
configure:24292: checking whether we can compile programs with mpfr support
configure:24323: gcc -c -g -O2  conftest.c >&5
configure:24323: $? = 0
configure:24344: result: yes
configure:24458: checking for ./interfaces/Makefile.am
configure:24461: result: yes
configure:24493: checking for swig
configure:24531: result: no
configure:24493: checking for swig2.0
configure:24531: result: no
configure:24652: checking for ./interfaces/Perl/Makefile.am
configure:24655: result: yes
configure:24693: checking for ./interfaces/Perl/RNA_wrap.cpp
configure:24696: result: yes
configure:24708: checking for ./interfaces/Perl/RNA.pm
configure:24711: result: yes
configure:24740: checking for /usr/bin/perl
configure:24775: result: /usr/bin/perl
configure:24793: checking for Perl prefix
configure:24798: result: /usr
configure:24806: checking for Perl siteprefix
configure:24811: result: /usr
configure:24819: checking for Perl vendorprefix
configure:24824: result: /usr/local
configure:24832: checking for Perl extension include path
configure:24837: result: /System/Library/Perl/5.30/darwin-thread-multi-2level/CORE
configure:24845: checking for Perl extension target directory
configure:24850: result: /Library/Perl/5.30/darwin-thread-multi-2level
configure:24859: checking for architecture dependent Perl extension site target directory
configure:24864: result: /Library/Perl/5.30/darwin-thread-multi-2level
configure:24872: checking for architecture dependent Perl extension vendor target directory
configure:24877: result: /Network/Library/Perl/5.30/darwin-thread-multi-2level
configure:24885: checking for architecture independent Perl extension site target directory
configure:24890: result: /Library/Perl/5.30
configure:24898: checking for architecture independent Perl extension vendor target directory
configure:24903: result: /Network/Library/Perl/5.30
configure:24911: checking for Perl extensions C preprocessor flags
configure:24916: result: -g -pipe -fno-strict-aliasing -fstack-protector-strong
configure:24924: checking for Perl extensions linker flags
configure:24937: result: -bundle -undefined dynamic_lookup -fstack-protector-strong
configure:24945: checking for Perl dynamic library extension
configure:24950: result: .bundle
configure:25035: checking for ./interfaces/Python/Makefile.am
configure:25038: result: yes
configure:25076: checking for ./interfaces/Python/RNA_wrap.cpp
configure:25079: result: yes
configure:25091: checking for ./interfaces/Python/RNA.py
configure:25094: result: yes
configure:25124: checking for python2
configure:25147: found /usr/bin/python2
configure:25159: result: /usr/bin/python2
configure:25177: checking for Python2 include path
configure:25182: result: /System/Library/Frameworks/Python.framework/Versions/2.7/include/python2.7
configure:25186: checking for /System/Library/Frameworks/Python.framework/Versions/2.7/include/python2.7/Python.h
configure:25190: result: yes
configure:25193: checking for Python2 ldflags
configure:25206: result: -bundle -undefined dynamic_lookup
configure:25209: checking for Python2 extension linker
configure:25214: result: cc -bundle -undefined dynamic_lookup              -Wl,-F. -L/System/Volumes/Data/SWE/macOS/BuildRoots/38cf1d983f/Applications/Xcode.app/Contents/Developer/Platforms/MacOSX.platform/Developer/SDKs/MacOSX11.6.Internal.sdk/usr/local/libressl/lib
configure:25217: checking for directory to install Python2 scripts in
configure:25226: result: ${prefix}/lib/python2.7/site-packages
configure:25230: checking for directory to install architecture dependent python2 things in
configure:25238: result: ${exec_prefix}/lib/python2.7/site-packages
configure:25242: checking for Python2 module extension
configure:25247: result: .so
configure:25338: checking for ./interfaces/Python3/Makefile.am
configure:25341: result: yes
configure:25379: checking for ./interfaces/Python3/RNA_wrap.cpp
configure:25382: result: yes
configure:25394: checking for ./interfaces/Python3/RNA.py
configure:25397: result: yes
configure:25427: checking for python3
configure:25450: found /Library/Frameworks/Python.framework/Versions/3.9/bin/python3
configure:25462: result: /Library/Frameworks/Python.framework/Versions/3.9/bin/python3
configure:25480: checking for Python3 include path
configure:25485: result: /Library/Frameworks/Python.framework/Versions/3.9/include/python3.9
configure:25489: checking for /Library/Frameworks/Python.framework/Versions/3.9/include/python3.9/Python.h
configure:25493: result: yes
configure:25496: checking for Python3 ldflags
configure:25509: result: -bundle -undefined dynamic_lookup
configure:25512: checking for Python3 extension linker
configure:25517: result: gcc -bundle -undefined dynamic_lookup -arch x86_64 -g
configure:25520: checking for directory to install Python3 scripts in
configure:25529: result: ${prefix}/lib/python3.9/site-packages
configure:25533: checking for directory to install architecture dependent python3 things in
configure:25541: result: ${exec_prefix}/lib/python3.9/site-packages
configure:25545: checking for Python3 module extension
configure:25550: result: .cpython-39-darwin.so
configure:25553: checking for Python3 tag for cached compiled scripts
configure:25558: result: cpython-39
configure:25561: checking for Python3 extension of cached and optimized bytecode
configure:25567: result: cpython-39.opt-1.pyc
configure:25790: checking for doxygen
configure:25826: result: no
configure:25836: checking for dot
configure:25872: result: no
configure:25882: checking for egrep
configure:25905: found /usr/bin/egrep
configure:25918: result: /usr/bin/egrep
configure:25928: checking for perl
configure:25951: found /usr/bin/perl
configure:25964: result: /usr/bin/perl
configure:26182: checking for doc/RNAlib-2.4.18.pdf
configure:26185: result: yes
configure:26202: checking for doc/html/index.html
configure:26205: result: yes
configure:26462: checking for htlatex
configure:26485: found /Library/TeX/texbin/htlatex
configure:26498: result: /Library/TeX/texbin/htlatex
configure:26538: checking for LaTeX package(s) url color caption amssymb amsmath upquote verbatim keystroke fancyvrb hyperref graphics pgf xcolor
configure:26578: result: no
configure:26608: checking for RNA-Tutorial/RNA-tutorial-2.4.18.pdf
configure:26611: result: yes
configure:26895: checking for CHECK
configure:26959: result: no
configure:26962: WARNING: check not found -- will not build C-library Unit tests
configure:26994: checking for diff
configure:27017: found /usr/bin/diff
configure:27029: result: /usr/bin/diff
configure:27162: checking for xxd
configure:27185: found /usr/bin/xxd
configure:27198: result: /usr/bin/xxd
configure:27219: checking for gengetopt
configure:27255: result: no
configure:27276: checking for help2man
configure:27312: result: no
configure:27591: checking for ./src/Kinfold/Makefile.am
configure:27594: result: yes
configure:27660: checking for ./src/RNAforester/Makefile.am
configure:27663: result: yes
configure:27872: checking for ./src/RNAlocmin/Makefile.am
configure:27875: result: yes
configure:28068: checking that generated files are newer than configure
configure:28074: result: done
configure:28241: creating ./config.status

## ---------------------- ##
## Running config.status. ##
## ---------------------- ##

This file was extended by ViennaRNA config.status 2.4.18, which was
generated by GNU Autoconf 2.71.  Invocation command line was

  CONFIG_FILES    = 
  CONFIG_HEADERS  = 
  CONFIG_LINKS    = 
  CONFIG_COMMANDS = 
  $ ./config.status 

on Develios-MacBook-Pro.local

config.status:1532: creating packaging/macosx/Makefile
config.status:1532: creating packaging/macosx/Distribution.xml
config.status:1532: creating packaging/macosx/resources/welcome.txt
config.status:1532: creating interfaces/Perl/Makefile
config.status:1532: creating interfaces/Perl/version.i
config.status:1532: creating interfaces/Python/Makefile
config.status:1532: creating interfaces/Python/version.i
config.status:1532: creating interfaces/Python3/Makefile
config.status:1532: creating interfaces/Python3/version.i
config.status:1532: creating tests/Makefile
config.status:1532: creating tests/RNApath.py
config.status:1532: creating tests/RNAHelpers.pm
config.status:1532: creating tests/test-env.sh
config.status:1532: creating src/ViennaRNA/static/templates_postscript.h
config.status:1532: creating src/ViennaRNA/static/templates_svg.h
config.status:1532: creating src/ViennaRNA/static/energy_parameter_sets.h
config.status:1532: creating src/ViennaRNA/vrna_config.h
config.status:1532: creating misc/Makefile
config.status:1532: creating interfaces/Makefile
config.status:1532: creating Makefile
config.status:1532: creating RNAlib2.pc
config.status:1532: creating src/Utils/Makefile
config.status:1532: creating src/bin/Makefile
config.status:1532: creating src/Makefile
config.status:1532: creating src/ViennaRNA/Makefile
config.status:1532: creating src/ViennaRNA/static/Makefile
config.status:1532: creating man/Makefile
config.status:1532: creating doc/Makefile
config.status:1532: creating RNA-Tutorial/Makefile
config.status:1532: creating man/cmdlopt.sh
config.status:1532: creating examples/Makefile
config.status:1532: creating packaging/viennarna.spec
config.status:1532: creating packaging/PKGBUILD
config.status:1532: creating packaging/win_installer_archlinux_i686.nsi
config.status:1532: creating packaging/win_installer_archlinux_x86_64.nsi
config.status:1532: creating packaging/win_installer_fedora_i686.nsi
config.status:1532: creating packaging/win_installer_fedora_x86_64.nsi
config.status:1532: creating config.h
config.status:1761: executing depfiles commands
config.status:1838: cd interfaces/Perl       && sed -e '/# am--include-marker/d' Makefile         | make -f - am--depfiles
config.status:1843: $? = 0
config.status:1838: cd interfaces/Python       && sed -e '/# am--include-marker/d' Makefile         | make -f - am--depfiles
config.status:1843: $? = 0
config.status:1838: cd interfaces/Python3       && sed -e '/# am--include-marker/d' Makefile         | make -f - am--depfiles
config.status:1843: $? = 0
config.status:1838: cd tests       && sed -e '/# am--include-marker/d' Makefile         | make -f - am--depfiles
config.status:1843: $? = 0
config.status:1838: cd src/Utils       && sed -e '/# am--include-marker/d' Makefile         | make -f - am--depfiles
config.status:1843: $? = 0
config.status:1838: cd src/bin       && sed -e '/# am--include-marker/d' Makefile         | make -f - am--depfiles
config.status:1843: $? = 0
config.status:1838: cd src/ViennaRNA       && sed -e '/# am--include-marker/d' Makefile         | make -f - am--depfiles
config.status:1843: $? = 0
config.status:1761: executing libtool commands
configure:30757: === configuring in src/Kinfold (/Users/devpatelio/Downloads/Coding/Computational_Biology/mRNA-Fold/setup/ViennaRNA-2.4.18/src/Kinfold)
configure:30818: running /bin/sh ./configure --disable-option-checking '--prefix=/Users/devpatelio/foldingoptimizer/seqs'  'CC=gcc' 'CXX=g++' 'CFLAGS=-g -O2' 'CXXFLAGS=-g -O2' 'AR=ar' 'RANLIB=ranlib' 'NM=/usr/bin/nm -B' 'VRNA_CFLAGS=-I$(top_srcdir)/../../src/ViennaRNA -I$(top_srcdir)/../../src' 'VRNA_LIBS=-fno-strict-aliasing -L$(top_builddir)/../../src/ViennaRNA -lRNA -lpthread -lmpfr -lgmp -lstdc++' --cache-file=/dev/null --srcdir=.
configure:30757: === configuring in src/RNAforester (/Users/devpatelio/Downloads/Coding/Computational_Biology/mRNA-Fold/setup/ViennaRNA-2.4.18/src/RNAforester)
configure:30818: running /bin/sh ./configure --disable-option-checking '--prefix=/Users/devpatelio/foldingoptimizer/seqs'  'CC=gcc' 'CXX=g++' 'CFLAGS=-g -O2' 'CXXFLAGS=-g -O2' 'AR=ar' 'RANLIB=ranlib' 'NM=/usr/bin/nm -B' 'VRNA_CFLAGS=-I$(top_srcdir)/../../src/ViennaRNA -I$(top_srcdir)/../../src' 'VRNA_LIBS=-fno-strict-aliasing -L$(top_builddir)/../../src/ViennaRNA -lRNA -lpthread -lmpfr -lgmp -lstdc++' --cache-file=/dev/null --srcdir=.
configure:30757: === configuring in src/RNAlocmin (/Users/devpatelio/Downloads/Coding/Computational_Biology/mRNA-Fold/setup/ViennaRNA-2.4.18/src/RNAlocmin)
configure:30818: running /bin/sh ./configure --disable-option-checking '--prefix=/Users/devpatelio/foldingoptimizer/seqs'  'CC=gcc' 'CXX=g++' 'CFLAGS=-g -O2' 'CXXFLAGS=-g -O2' 'AR=ar' 'RANLIB=ranlib' 'NM=/usr/bin/nm -B' 'VRNA_CFLAGS=-I$(top_srcdir)/../../src/ViennaRNA -I$(top_srcdir)/../../src' 'VRNA_LIBS=-fno-strict-aliasing -L$(top_builddir)/../../src/ViennaRNA -lRNA -lpthread -lmpfr -lgmp -lstdc++' --cache-file=/dev/null --srcdir=.
configure:31516:

======================================
    [1mViennaRNA Package 2.4.18[m
======================================

Successfully configured with the following options:

Sub Packages
------------
  * Kinfold                   : [32;1myes[m
  * RNAforester               : [32;1myes[m
  * Analyse{Dists,Seqs}       : [31;1mno[m
  * RNAlocmin                 : [32;1myes[m
  * Kinwalker                 : [31;1mno[m

Extra Libraries
---------------
  * Support Vector Machine    : [32;1myes[m
  * GNU Scientific Library    : [31;1mno[m
  * GNU MPFR                  : [32;1myes[m
  * JSON                      : [32;1myes[m

Features
--------
  * Boustrophedon             : [32;1myes[m
  * Use hash for NR Sampling  : [31;1mno[m
  * C11 features              : [32;1myes[m
  * TTY colors                : [32;1myes[m
  * Float Precision(PF}       : [31;1mno[m
  * Deprecation Warnings      : [31;1mno[m

Optimizations
-------------
  * Auto Vectorization        : [32;1myes[m
  * Explicit SIMD Extension   : [32;1myes[m 
  * Link Time Optimization    : [31;1mno[m
  * POSIX Threads             : [32;1myes[m
  * OpenMP                    : [31;1mno[m

Scripting Language Interfaces
-----------------------------
  * Perl 5                    : [32;1myes[m
  * Python 2                  : [32;1myes[m
  * Python 3                  : [32;1myes[m

Documentation
-------------
  * Reference Manual (PDF)    : [32;1myes[m 
  * Reference Manual (HTML)   : [32;1myes[m 
  * Tutorial (PDF)            : [32;1myes[m 
  * Tutorial (HTML)           : [31;1mno[m 

Unit Tests
----------
  * Executable Programs       : [32;1myes[m
  * C-Library                 : [31;1mno[m
  * Perl 5 Interface          : [32;1myes[m
  * Python 2 Interface        : [32;1myes[m
  * Python 3 Interface        : [32;1myes[m

MacOS X
-------
  * Universal Binary          : [31;1mno[m
  * Installer                 : [31;1mno[m
  * SDK                       : [34;1mcustom[m

Install Directories
-------------------
  * Executables               : [34;1m/Users/devpatelio/foldingoptimizer/seqs/bin[m
  * Libraries                 : [34;1m/Users/devpatelio/foldingoptimizer/seqs/lib[m
  * Header files              : [34;1m/Users/devpatelio/foldingoptimizer/seqs/include[m
  * Extra Data                : [34;1m/Users/devpatelio/foldingoptimizer/seqs/share[m
  * Man pages                 : [34;1m/Users/devpatelio/foldingoptimizer/seqs/share/man[m
  * Documentation             : [34;1m/Users/devpatelio/foldingoptimizer/seqs/share/doc/ViennaRNA[m
      (HTML)                  : [34;1m/Users/devpatelio/foldingoptimizer/seqs/share/doc/ViennaRNA/html[m
      (PDF)                   : [34;1m/Users/devpatelio/foldingoptimizer/seqs/share/doc/ViennaRNA[m
  * Perl5 Interface           : [34;1m[m
      (binaries)              : [34;1m/Users/devpatelio/foldingoptimizer/seqs/Library/Perl/5.30/darwin-thread-multi-2level[m
      (scripts)               : [34;1m/Users/devpatelio/foldingoptimizer/seqs/Library/Perl/5.30[m
  * Python2 Interface         : [34;1m[m
      (binaries)              : [34;1m/Users/devpatelio/foldingoptimizer/seqs/lib/python2.7/site-packages[m
      (scripts)               : [34;1m/Users/devpatelio/foldingoptimizer/seqs/lib/python2.7/site-packages[m
  * Python3 Interface         : [34;1m[m
      (binaries)              : [34;1m/Users/devpatelio/foldingoptimizer/seqs/lib/python3.9/site-packages[m
      (scripts)               : [34;1m/Users/devpatelio/foldingoptimizer/seqs/lib/python3.9/site-packages[m

[1mYou can run 'make', 'make check', and 'make install' now![m

## ---------------- ##
## Cache variables. ##
## ---------------- ##

ac_cv_build=x86_64-apple-darwin20.6.0
ac_cv_c_compiler_gnu=yes
ac_cv_c_const=yes
ac_cv_c_inline=inline
ac_cv_cxx_compiler_gnu=yes
ac_cv_env_CCC_set=
ac_cv_env_CCC_value=
ac_cv_env_CC_set=
ac_cv_env_CC_value=
ac_cv_env_CFLAGS_set=
ac_cv_env_CFLAGS_value=
ac_cv_env_CHECK_CFLAGS_set=
ac_cv_env_CHECK_CFLAGS_value=
ac_cv_env_CHECK_LIBS_set=
ac_cv_env_CHECK_LIBS_value=
ac_cv_env_CPPFLAGS_set=
ac_cv_env_CPPFLAGS_value=
ac_cv_env_CPP_set=
ac_cv_env_CPP_value=
ac_cv_env_CXXCPP_set=
ac_cv_env_CXXCPP_value=
ac_cv_env_CXXFLAGS_set=
ac_cv_env_CXXFLAGS_value=
ac_cv_env_CXX_set=
ac_cv_env_CXX_value=
ac_cv_env_DIFF_set=
ac_cv_env_DIFF_value=
ac_cv_env_GENGETOPT_set=
ac_cv_env_GENGETOPT_value=
ac_cv_env_HELP2MAN_set=
ac_cv_env_HELP2MAN_value=
ac_cv_env_LDFLAGS_set=
ac_cv_env_LDFLAGS_value=
ac_cv_env_LIBS_set=
ac_cv_env_LIBS_value=
ac_cv_env_LT_SYS_LIBRARY_PATH_set=
ac_cv_env_LT_SYS_LIBRARY_PATH_value=
ac_cv_env_PERL_EXT_CPPFLAGS_set=
ac_cv_env_PERL_EXT_CPPFLAGS_value=
ac_cv_env_PERL_EXT_INC_set=
ac_cv_env_PERL_EXT_INC_value=
ac_cv_env_PERL_EXT_LDFLAGS_set=
ac_cv_env_PERL_EXT_LDFLAGS_value=
ac_cv_env_PERL_EXT_LIB_set=
ac_cv_env_PERL_EXT_LIB_value=
ac_cv_env_PERL_EXT_PREFIX_set=
ac_cv_env_PERL_EXT_PREFIX_value=
ac_cv_env_PERL_EXT_SITEARCH_set=
ac_cv_env_PERL_EXT_SITEARCH_value=
ac_cv_env_PERL_EXT_SITELIB_set=
ac_cv_env_PERL_EXT_SITELIB_value=
ac_cv_env_PERL_EXT_SITEPREFIX_set=
ac_cv_env_PERL_EXT_SITEPREFIX_value=
ac_cv_env_PERL_EXT_VENDORARCH_set=
ac_cv_env_PERL_EXT_VENDORARCH_value=
ac_cv_env_PERL_EXT_VENDORLIB_set=
ac_cv_env_PERL_EXT_VENDORLIB_value=
ac_cv_env_PERL_EXT_VENDORPREFIX_set=
ac_cv_env_PERL_EXT_VENDORPREFIX_value=
ac_cv_env_PERL_SO_set=
ac_cv_env_PERL_SO_value=
ac_cv_env_PERL_set=
ac_cv_env_PERL_value=
ac_cv_env_PKG_CONFIG_LIBDIR_set=
ac_cv_env_PKG_CONFIG_LIBDIR_value=
ac_cv_env_PKG_CONFIG_PATH_set=
ac_cv_env_PKG_CONFIG_PATH_value=
ac_cv_env_PKG_CONFIG_set=
ac_cv_env_PKG_CONFIG_value=
ac_cv_env_PYTHON2_DIR_set=
ac_cv_env_PYTHON2_DIR_value=
ac_cv_env_PYTHON2_EXECDIR_set=
ac_cv_env_PYTHON2_EXECDIR_value=
ac_cv_env_PYTHON2_set=
ac_cv_env_PYTHON2_value=
ac_cv_env_PYTHON3_DIR_set=
ac_cv_env_PYTHON3_DIR_value=
ac_cv_env_PYTHON3_EXECDIR_set=
ac_cv_env_PYTHON3_EXECDIR_value=
ac_cv_env_PYTHON3_set=
ac_cv_env_PYTHON3_value=
ac_cv_env_SWIG_set=
ac_cv_env_SWIG_value=
ac_cv_env_USER_AR_set=
ac_cv_env_USER_AR_value=
ac_cv_env_USER_NM_set=
ac_cv_env_USER_NM_value=
ac_cv_env_USER_RANLIB_set=
ac_cv_env_USER_RANLIB_value=
ac_cv_env_XXD_set=
ac_cv_env_XXD_value=
ac_cv_env_build_alias_set=
ac_cv_env_build_alias_value=
ac_cv_env_host_alias_set=
ac_cv_env_host_alias_value=
ac_cv_env_target_alias_set=
ac_cv_env_target_alias_value=
ac_cv_func_asprintf=yes
ac_cv_func_erand48=yes
ac_cv_func_floor=yes
ac_cv_func_malloc_0_nonnull=yes
ac_cv_func_memmove=yes
ac_cv_func_memset=yes
ac_cv_func_pow=yes
ac_cv_func_realloc_0_nonnull=yes
ac_cv_func_rint=yes
ac_cv_func_sqrt=yes
ac_cv_func_strchr=yes
ac_cv_func_strdup=yes
ac_cv_func_strrchr=yes
ac_cv_func_strstr=yes
ac_cv_func_strtod=yes
ac_cv_func_strtol=yes
ac_cv_func_strtoul=yes
ac_cv_func_vasprintf=yes
ac_cv_header_dlfcn_h=yes
ac_cv_header_float_h=yes
ac_cv_header_inttypes_h=yes
ac_cv_header_limits_h=yes
ac_cv_header_malloc_h=no
ac_cv_header_math_h=yes
ac_cv_header_minix_config_h=no
ac_cv_header_mpfr_h=yes
ac_cv_header_stdarg_h=yes
ac_cv_header_stdbool_h=yes
ac_cv_header_stdint_h=yes
ac_cv_header_stdio_h=yes
ac_cv_header_stdlib_h=yes
ac_cv_header_string_h=yes
ac_cv_header_strings_h=yes
ac_cv_header_sys_stat_h=yes
ac_cv_header_sys_types_h=yes
ac_cv_header_unistd_h=yes
ac_cv_header_wchar_h=yes
ac_cv_host=x86_64-apple-darwin20.6.0
ac_cv_lib_gsl_gsl_blas_dgemm=no
ac_cv_lib_gslcblas_cblas_dgemm=no
ac_cv_lib_m_exp=yes
ac_cv_objext=o
ac_cv_path_DIFF=/usr/bin/diff
ac_cv_path_EGREP='/usr/bin/grep -E'
ac_cv_path_FGREP='/usr/bin/grep -F'
ac_cv_path_GENGETOPT=no
ac_cv_path_GREP=/usr/bin/grep
ac_cv_path_HELP2MAN=no
ac_cv_path_PERL=/usr/bin/perl
ac_cv_path_PYTHON2=/usr/bin/python2
ac_cv_path_PYTHON3=/Library/Frameworks/Python.framework/Versions/3.9/bin/python3
ac_cv_path_SED=/usr/bin/sed
ac_cv_path_XXD=/usr/bin/xxd
ac_cv_path_bibtex=/Library/TeX/texbin/bibtex
ac_cv_path_dot=no
ac_cv_path_doxygen=no
ac_cv_path_egrep=/usr/bin/egrep
ac_cv_path_htlatex=/Library/TeX/texbin/htlatex
ac_cv_path_install='/usr/bin/install -c'
ac_cv_path_lt_DD=/bin/dd
ac_cv_path_makeindex=/Library/TeX/texbin/makeindex
ac_cv_path_pdflatex=/Library/TeX/texbin/pdflatex
ac_cv_path_perl=/usr/bin/perl
ac_cv_prog_AWK=awk
ac_cv_prog_CPP='gcc -E'
ac_cv_prog_CXXCPP='g++ -E'
ac_cv_prog_ac_ct_AR=ar
ac_cv_prog_ac_ct_CC=gcc
ac_cv_prog_ac_ct_CXX=g++
ac_cv_prog_ac_ct_DSYMUTIL=dsymutil
ac_cv_prog_ac_ct_LIPO=lipo
ac_cv_prog_ac_ct_NMEDIT=nmedit
ac_cv_prog_ac_ct_OBJDUMP=objdump
ac_cv_prog_ac_ct_OTOOL=otool
ac_cv_prog_ac_ct_RANLIB=ranlib
ac_cv_prog_ac_ct_STRIP=strip
ac_cv_prog_cc_c11=
ac_cv_prog_cc_g=yes
ac_cv_prog_cc_stdc=
ac_cv_prog_cxx_11=no
ac_cv_prog_cxx_g=yes
ac_cv_prog_cxx_stdcxx=
ac_cv_prog_make_make_set=yes
ac_cv_safe_to_define___extensions__=yes
ac_cv_should_define__xopen_source=no
ac_cv_type__Bool=yes
ac_cv_type_size_t=yes
am_cv_CC_dependencies_compiler_type=gcc3
am_cv_CXX_dependencies_compiler_type=gcc3
am_cv_ar_interface=ar
am_cv_make_support_nested_variables=yes
am_cv_prog_cc_c_o=yes
ax_cv_PTHREAD_CLANG=yes
ax_cv_PTHREAD_CLANG_NO_WARN_FLAG=no
ax_cv_PTHREAD_JOINABLE_ATTR=PTHREAD_CREATE_JOINABLE
ax_cv_PTHREAD_PRIO_INHERIT=yes
ax_cv_PTHREAD_SPECIAL_FLAGS=no
ax_cv_c_compiler_vendor=clang
ax_cv_c_openmp=unknown
ax_cv_check_cflags___ffat_lto_objects=yes
ax_cv_check_cflags___flto=yes
ax_cv_check_cflags___fno_strict_aliasing=yes
ax_cv_check_cflags___ftree_vectorize=yes
ax_cv_check_cxxflags___ffat_lto_objects=yes
ax_cv_check_cxxflags___flto=yes
ax_cv_check_cxxflags___fno_strict_aliasing=yes
ax_cv_check_ldflags___fno_strict_aliasing=yes
lt_cv_apple_cc_single_mod=yes
lt_cv_ar_at_file=no
lt_cv_deplibs_check_method=pass_all
lt_cv_file_magic_cmd='$MAGIC_CMD'
lt_cv_file_magic_test_file=
lt_cv_ld_exported_symbols_list=yes
lt_cv_ld_force_load=yes
lt_cv_ld_reload_flag=-r
lt_cv_nm_interface='BSD nm'
lt_cv_objdir=.libs
lt_cv_path_LD=/Library/Developer/CommandLineTools/usr/bin/ld
lt_cv_path_LDCXX=/Library/Developer/CommandLineTools/usr/bin/ld
lt_cv_path_NM='/usr/bin/nm -B'
lt_cv_path_mainfest_tool=no
lt_cv_prog_compiler_c_o=yes
lt_cv_prog_compiler_c_o_CXX=yes
lt_cv_prog_compiler_pic='-fno-common -DPIC'
lt_cv_prog_compiler_pic_CXX='-fno-common -DPIC'
lt_cv_prog_compiler_pic_works=yes
lt_cv_prog_compiler_pic_works_CXX=yes
lt_cv_prog_compiler_rtti_exceptions=yes
lt_cv_prog_compiler_static_works=no
lt_cv_prog_compiler_static_works_CXX=no
lt_cv_prog_gnu_ld=no
lt_cv_prog_gnu_ldcxx=no
lt_cv_sharedlib_from_linklib_cmd='printf %s\n'
lt_cv_sys_global_symbol_pipe='sed -n -e '\''s/^.*[	 ]\([BCDEGRST][BCDEGRST]*\)[	 ][	 ]*_\([_A-Za-z][_A-Za-z0-9]*\)$/\1 _\2 \2/p'\'' | sed '\''/ __gnu_lto/d'\'''
lt_cv_sys_global_symbol_to_c_name_address='sed -n -e '\''s/^: \(.*\) .*$/  {"\1", (void *) 0},/p'\'' -e '\''s/^[BCDEGRST][BCDEGRST]* .* \(.*\)$/  {"\1", (void *) \&\1},/p'\'''
lt_cv_sys_global_symbol_to_c_name_address_lib_prefix='sed -n -e '\''s/^: \(.*\) .*$/  {"\1", (void *) 0},/p'\'' -e '\''s/^[BCDEGRST][BCDEGRST]* .* \(lib.*\)$/  {"\1", (void *) \&\1},/p'\'' -e '\''s/^[BCDEGRST][BCDEGRST]* .* \(.*\)$/  {"lib\1", (void *) \&\1},/p'\'''
lt_cv_sys_global_symbol_to_cdecl='sed -n -e '\''s/^T .* \(.*\)$/extern int \1();/p'\'' -e '\''s/^[BCDEGRST][BCDEGRST]* .* \(.*\)$/extern char \1;/p'\'''
lt_cv_sys_global_symbol_to_import=
lt_cv_sys_max_cmd_len=786432
lt_cv_to_host_file_cmd=func_convert_file_noop
lt_cv_to_tool_file_cmd=func_convert_file_noop
lt_cv_truncate_bin='/bin/dd bs=4096 count=1'

## ----------------- ##
## Output variables. ##
## ----------------- ##
















#include "misc/dna_mathews1999.hex"
#include "misc/dna_mathews2004.hex"
#include "misc/rna_andronescu2007.hex"
#include "misc/rna_langdon2018.hex"
#include "misc/rna_misc_special_hairpins.hex"
#include "misc/rna_turner1999.hex"
#include "misc/rna_turner2004.hex"
#include "postscript/aln_macro_base.hex"
#include "postscript/dot_plot_macro_base.hex"
#include "postscript/dot_plot_macro_linear_data.hex"
#include "postscript/dot_plot_macro_sc_motifs.hex"
#include "postscript/dot_plot_macro_sd.hex"
#include "postscript/dot_plot_macro_turn.hex"
#include "postscript/dot_plot_macro_ud.hex"
#include "postscript/structure_plot_macro_base.hex"
#include "postscript/structure_plot_macro_extras.hex"
#include "svg/structure_plot_footer.hex"
#include "svg/structure_plot_header.hex"
'
'
'
ACLOCAL='${SHELL} '\''/Users/devpatelio/Downloads/Coding/Computational_Biology/mRNA-Fold/setup/ViennaRNA-2.4.18/config/missing'\'' aclocal-1.16'
AMDEPBACKSLASH='\'
AMDEP_FALSE='#'
AMDEP_TRUE=''
AMTAR='$${TAR-tar}'
AM_BACKSLASH='\'
AM_CFLAGS=''
AM_CPPFLAGS=''
AM_CXXFLAGS=''
AM_DEFAULT_V='$(AM_DEFAULT_VERBOSITY)'
AM_DEFAULT_VERBOSITY='0'
AM_LDFLAGS=''
AM_V='$(V)'
AR='ar'
AUTOCONF='${SHELL} '\''/Users/devpatelio/Downloads/Coding/Computational_Biology/mRNA-Fold/setup/ViennaRNA-2.4.18/config/missing'\'' autoconf'
AUTOHEADER='${SHELL} '\''/Users/devpatelio/Downloads/Coding/Computational_Biology/mRNA-Fold/setup/ViennaRNA-2.4.18/config/missing'\'' autoheader'
AUTOMAKE='${SHELL} '\''/Users/devpatelio/Downloads/Coding/Computational_Biology/mRNA-Fold/setup/ViennaRNA-2.4.18/config/missing'\'' automake-1.16'
AWK='awk'
BIBTEX_CMD='/Library/TeX/texbin/bibtex'
CC='gcc'
CCDEPMODE='depmode=gcc3'
CFLAGS='-g -O2'
CHECK_CFLAGS=''
CHECK_LIBS=''
CLUSTER_DIR=''
CONFIG_BOUSTROPHEDON='#define VRNA_WITH_BOUSTROPHEDON'
CONFIG_DISABLE_C11_FEATURES=''
CONFIG_FLOAT_PF=''
CONFIG_GSL=''
CONFIG_JSON='#define VRNA_WITH_JSON_SUPPORT'
CONFIG_LTO=''
CONFIG_NR_SAMPLING=''
CONFIG_OPENMP=''
CONFIG_SVM='#define VRNA_WITH_SVM'
CONFIG_TTY_COLORS=''
CPP='gcc -E'
CPPFLAGS=''
CXX='g++'
CXXCPP='g++ -E'
CXXDEPMODE='depmode=gcc3'
CXXFLAGS='-g -O2'
CYGPATH_W='echo'
DEFS='-DHAVE_CONFIG_H'
DEPDIR='.deps'
DEPRECATION_WARNING=''
DIFF='/usr/bin/diff'
DISABLE_C11_FEATURES=''
DLLTOOL='false'
DOXYGEN_CMD_BIBTEX=''
DOXYGEN_CMD_LATEX=''
DOXYGEN_CMD_MAKEINDEX=''
DOXYGEN_CONF='doxygen.conf'
DOXYGEN_DOCDIR='doc'
DOXYGEN_GENERATE_HTML=''
DOXYGEN_GENERATE_LATEX=''
DOXYGEN_HAVE_DOT=''
DOXYGEN_PROJECT_NAME='RNAlib-2.4.18'
DOXYGEN_SRCDIR='.'
DOXYGEN_WITH_PDFLATEX=''
DSYMUTIL='dsymutil'
DUMPBIN=''
ECHO_C='\c'
ECHO_N=''
ECHO_T=''
EGREP='/usr/bin/grep -E'
ENERGY_PARAMETER_CONST='
EXEEXT=''
FGREP='/usr/bin/grep -F'
FLOAT_PF_FLAG=''
GENGETOPT='no'
GREP='/usr/bin/grep'
GSL_LIBS=''
HAS_SWIG_FALSE=''
HAS_SWIG_TRUE='#'
HDIUTIL=''
HELP2MAN='no'
INSTALL_DATA='${INSTALL} -m 644'
INSTALL_PROGRAM='${INSTALL}'
INSTALL_SCRIPT='${INSTALL}'
INSTALL_STRIP_PROGRAM='$(install_sh) -c -s'
ISODATE='2021-11-06'
LATEX_CMD='/Library/TeX/texbin/pdflatex'
LD='/Library/Developer/CommandLineTools/usr/bin/ld'
LDFLAGS=''
LIBGOMPFLAG=''
LIBOBJS=''
LIBS='-lm '
LIBSVM_DIR='libsvm-3.24'
LIBTOOL='$(SHELL) $(top_builddir)/libtool'
LIBTOOL_DEPS='./config//ltmain.sh'
LIPO='lipo'
LN_S='ln -s'
LTLIBOBJS=''
LTO_CFLAGS='-flto -ffat-lto-objects'
LTO_CXXFLAGS='-flto -ffat-lto-objects'
LTO_LDFLAGS='-flto'
LT_SYS_LIBRARY_PATH=''
MACOSX_INSTALLER=''
MAKEINDEX_CMD='/Library/TeX/texbin/makeindex'
MAKEINFO='${SHELL} '\''/Users/devpatelio/Downloads/Coding/Computational_Biology/mRNA-Fold/setup/ViennaRNA-2.4.18/config/missing'\'' makeinfo'
MAKE_CLUSTER_FALSE=''
MAKE_CLUSTER_TRUE='#'
MAKE_FORESTER_FALSE='#'
MAKE_FORESTER_TRUE=''
MAKE_KINFOLD_FALSE='#'
MAKE_KINFOLD_TRUE=''
MAKE_RNALOCMIN_FALSE='#'
MAKE_RNALOCMIN_TRUE=''
MANIFEST_TOOL=':'
MKDIR_P='./config/install-sh -c -d'
MPFR_LIBS='-lmpfr -lgmp'
NM='/usr/bin/nm -B'
NMEDIT='nmedit'
OBJDUMP='objdump'
OBJEXT='o'
OPENMP_CFLAGS=''
OPENMP_CXXFLAGS=''
OTOOL64=':'
OTOOL='otool'
OUR_AR=''
OUR_NM=''
OUR_RANLIB=''
PACKAGE='ViennaRNA'
PACKAGE_BUGREPORT='rna@tbi.univie.ac.at'
PACKAGE_NAME='ViennaRNA'
PACKAGE_STRING='ViennaRNA 2.4.18'
PACKAGE_TARNAME='ViennaRNA'
PACKAGE_URL='http://www.tbi.univie.ac.at/RNA'
PACKAGE_VERSION='2.4.18'
PARAMETER_FILES='misc/dna_mathews1999.par misc/dna_mathews2004.par misc/rna_andronescu2007.par misc/rna_langdon2018.par misc/rna_misc_special_hairpins.par misc/rna_turner1999.par misc/rna_turner2004.par '
PARAMETER_FILES_HEX='misc/dna_mathews1999.hex misc/dna_mathews2004.hex misc/rna_andronescu2007.hex misc/rna_langdon2018.hex misc/rna_misc_special_hairpins.hex misc/rna_turner1999.hex misc/rna_turner2004.hex '
PATH_SEPARATOR=':'
PERL='/usr/bin/perl'
PERL_ARCH_RELATIVE_INSTALL_DIR='/Library/Perl/5.30/darwin-thread-multi-2level'
PERL_EXT_CPPFLAGS='-g -pipe -fno-strict-aliasing -fstack-protector-strong'
PERL_EXT_INC='/System/Library/Perl/5.30/darwin-thread-multi-2level/CORE'
PERL_EXT_LDFLAGS='-bundle -undefined dynamic_lookup -fstack-protector-strong'
PERL_EXT_LIB='/Library/Perl/5.30/darwin-thread-multi-2level'
PERL_EXT_PREFIX='/usr'
PERL_EXT_SITEARCH='/Library/Perl/5.30/darwin-thread-multi-2level'
PERL_EXT_SITELIB='/Library/Perl/5.30'
PERL_EXT_SITEPREFIX='/usr'
PERL_EXT_VENDORARCH='/Network/Library/Perl/5.30/darwin-thread-multi-2level'
PERL_EXT_VENDORLIB='/Network/Library/Perl/5.30'
PERL_EXT_VENDORPREFIX='/usr/local'
PERL_INTERFACE='Perl'
PERL_LIB_RELATIVE_INSTALL_DIR='/Library/Perl/5.30'
PERL_SO='.bundle'
PKGBUILD=''
PKGPYEXEC2DIR=''
PKGPYTHON2DIR=''
PKG_CONFIG=''
PKG_CONFIG_LIBDIR=''
PKG_CONFIG_PATH=''
POW_LIB=''
PRODUCTBUILD=''
PS_TEMPLATE_CONST='
PS_TEMPLATE_FILES='postscript/structure_plot_macro_base.ps postscript/structure_plot_macro_extras.ps postscript/dot_plot_macro_base.ps postscript/dot_plot_macro_turn.ps postscript/dot_plot_macro_sd.ps postscript/dot_plot_macro_ud.ps postscript/dot_plot_macro_sc_motifs.ps postscript/dot_plot_macro_linear_data.ps postscript/aln_macro_base.ps '
PS_TEMPLATE_FILES_HEX='postscript/structure_plot_macro_base.hex postscript/structure_plot_macro_extras.hex postscript/dot_plot_macro_base.hex postscript/dot_plot_macro_turn.hex postscript/dot_plot_macro_sd.hex postscript/dot_plot_macro_ud.hex postscript/dot_plot_macro_sc_motifs.hex postscript/dot_plot_macro_linear_data.hex postscript/aln_macro_base.hex '
PTHREAD_CC='gcc'
PTHREAD_CFLAGS='-pthread'
PTHREAD_LIBS='-lpthread'
PYEXEC2DIR='${exec_prefix}/lib/python2.7/site-packages'
PYTHON2='/usr/bin/python2'
PYTHON2DIR='${prefix}/lib/python2.7/site-packages'
PYTHON2_DIR='${prefix}/lib/python2.7/site-packages'
PYTHON2_EXECDIR='${exec_prefix}/lib/python2.7/site-packages'
PYTHON2_INC='/System/Library/Frameworks/Python.framework/Versions/2.7/include/python2.7'
PYTHON2_INTERFACE='Python'
PYTHON2_LD='cc -bundle -undefined dynamic_lookup              -Wl,-F. -L/System/Volumes/Data/SWE/macOS/BuildRoots/38cf1d983f/Applications/Xcode.app/Contents/Developer/Platforms/MacOSX.platform/Developer/SDKs/MacOSX11.6.Internal.sdk/usr/local/libressl/lib'
PYTHON2_LDFLAGS='-bundle -undefined dynamic_lookup'
PYTHON2_SO='.so'
PYTHON3='/Library/Frameworks/Python.framework/Versions/3.9/bin/python3'
PYTHON3_CACHE_OPT1_EXT='cpython-39.opt-1.pyc'
PYTHON3_CACHE_TAG='cpython-39'
PYTHON3_DIR='${prefix}/lib/python3.9/site-packages'
PYTHON3_EXECDIR='${exec_prefix}/lib/python3.9/site-packages'
PYTHON3_INC='/Library/Frameworks/Python.framework/Versions/3.9/include/python3.9'
PYTHON3_INTERFACE='Python3'
PYTHON3_LD='gcc -bundle -undefined dynamic_lookup -arch x86_64 -g'
PYTHON3_LDFLAGS='-bundle -undefined dynamic_lookup'
PYTHON3_SO='.cpython-39-darwin.so'
RANLIB='ranlib'
REFDOC_PREDEF_FLOAT_PF=''
REFDOC_PREDEF_JSON='VRNA_WITH_JSON_SUPPORT'
REFDOC_PREDEF_SVM='VRNA_WITH_SVM'
REFERENCE_MANUAL_PDF_NAME='RNAlib-2.4.18.pdf'
REFERENCE_MANUAL_TAGFILE='RNAlib-2.4.18.tag'
RNA_CFLAGS='-fno-strict-aliasing -ftree-vectorize'
RNA_CPPFLAGS=''
RNA_CXXFLAGS='-fno-strict-aliasing'
RNA_LDFLAGS='-fno-strict-aliasing'
SED='/usr/bin/sed'
SET_MAKE=''
SHELL='/bin/sh'
SIMD_AVX512_FLAGS='-mavx512f'
SIMD_SSE41_FLAGS='-msse4.1'
STRIP='strip'
SVG_TEMPLATE_CONST='
SVG_TEMPLATE_FILES='svg/structure_plot_header.svg svg/structure_plot_footer.svg '
SVG_TEMPLATE_FILES_HEX='svg/structure_plot_header.hex svg/structure_plot_footer.hex '
SVM_LIBS='-lstdc++'
SWIG=''
SWIG_LIB=''
TUTORIAL_CMD_HTLATEX=''
TUTORIAL_CMD_LATEX='/Library/TeX/texbin/pdflatex -interaction=nonstopmode -halt-on-error'
TUTORIAL_DOCDIR='RNA-Tutorial'
TUTORIAL_PDF_NAME='RNA-tutorial-2.4.18.pdf'
TUTORIAL_PROJECT_NAME='RNA-tutorial-2.4.18'
TUTORIAL_SRCDIR='.'
USER_AR=''
USER_NM=''
USER_RANLIB=''
VERSION='2.4.18'
VRNA_AM_SWITCH_BUILD_MANPAGES_FALSE=''
VRNA_AM_SWITCH_BUILD_MANPAGES_TRUE='#'
VRNA_AM_SWITCH_GSL_FALSE=''
VRNA_AM_SWITCH_GSL_TRUE='#'
VRNA_AM_SWITCH_HAS_GENGETOPT_FALSE=''
VRNA_AM_SWITCH_HAS_GENGETOPT_TRUE='#'
VRNA_AM_SWITCH_HAS_XXD_FALSE='#'
VRNA_AM_SWITCH_HAS_XXD_TRUE=''
VRNA_AM_SWITCH_JSON_FALSE='#'
VRNA_AM_SWITCH_JSON_TRUE=''
VRNA_AM_SWITCH_LTO_FALSE=''
VRNA_AM_SWITCH_LTO_TRUE='#'
VRNA_AM_SWITCH_MPFR_FALSE='#'
VRNA_AM_SWITCH_MPFR_TRUE=''
VRNA_AM_SWITCH_PTHREADS_FALSE='#'
VRNA_AM_SWITCH_PTHREADS_TRUE=''
VRNA_AM_SWITCH_SIMD_AVX512_FALSE='#'
VRNA_AM_SWITCH_SIMD_AVX512_TRUE=''
VRNA_AM_SWITCH_SIMD_SSE41_FALSE='#'
VRNA_AM_SWITCH_SIMD_SSE41_TRUE=''
VRNA_AM_SWITCH_STATIC_EXECUTABLES_FALSE=''
VRNA_AM_SWITCH_STATIC_EXECUTABLES_TRUE='#'
VRNA_AM_SWITCH_SVM_FALSE='#'
VRNA_AM_SWITCH_SVM_TRUE=''
VRNA_CFLAGS=' -I$(top_srcdir)/../../src/ViennaRNA -I$(top_srcdir)/../../src '
VRNA_LIBS=' -fno-strict-aliasing -L$(top_builddir)/../../src/ViennaRNA -lRNA   -lpthread -lmpfr -lgmp -lstdc++'
VRNA_VERSION_MAJOR='2'
VRNA_VERSION_MINOR='4'
VRNA_VERSION_PATCH='18'
WITH_CHECK_FALSE=''
WITH_CHECK_TRUE='#'
WITH_EXECUTABLE_TESTS_FALSE='#'
WITH_EXECUTABLE_TESTS_TRUE=''
WITH_MACOSX_INSTALLER_FALSE=''
WITH_MACOSX_INSTALLER_TRUE='#'
WITH_PERL_TESTS_FALSE='#'
WITH_PERL_TESTS_TRUE=''
WITH_PYTHON3_TESTS_FALSE='#'
WITH_PYTHON3_TESTS_TRUE=''
WITH_PYTHON_TESTS_FALSE='#'
WITH_PYTHON_TESTS_TRUE=''
WITH_REFERENCE_MANUAL_BUILD_FALSE=''
WITH_REFERENCE_MANUAL_BUILD_TRUE='#'
WITH_REFERENCE_MANUAL_FALSE='#'
WITH_REFERENCE_MANUAL_HTML_FALSE='#'
WITH_REFERENCE_MANUAL_HTML_TRUE=''
WITH_REFERENCE_MANUAL_PDF_FALSE='#'
WITH_REFERENCE_MANUAL_PDF_TRUE=''
WITH_REFERENCE_MANUAL_TRUE=''
WITH_TUTORIAL_BUILD_FALSE=''
WITH_TUTORIAL_BUILD_TRUE='#'
WITH_TUTORIAL_FALSE='#'
WITH_TUTORIAL_HTML_FALSE=''
WITH_TUTORIAL_HTML_TRUE='#'
WITH_TUTORIAL_PDF_FALSE='#'
WITH_TUTORIAL_PDF_TRUE=''
WITH_TUTORIAL_TRUE=''
WITH_UNIT_TESTS_FALSE='#'
WITH_UNIT_TESTS_TRUE=''
XXD='/usr/bin/xxd'
ac_ct_AR='ar'
ac_ct_CC='gcc'
ac_ct_CXX='g++'
ac_ct_DUMPBIN=''
am__EXEEXT_FALSE=''
am__EXEEXT_TRUE='#'
am__fastdepCC_FALSE='#'
am__fastdepCC_TRUE=''
am__fastdepCXX_FALSE='#'
am__fastdepCXX_TRUE=''
am__include='include'
am__isrc=''
am__leading_dot='.'
am__nodep='_no'
am__quote=''
am__tar='$${TAR-tar} chof - "$$tardir"'
am__untar='$${TAR-tar} xf -'
ax_pthread_config=''
bibtex='/Library/TeX/texbin/bibtex'
bindir='${exec_prefix}/bin'
build='x86_64-apple-darwin20.6.0'
build_alias=''
build_cpu='x86_64'
build_os='darwin20.6.0'
build_vendor='apple'
datadir='${datarootdir}'
datarootdir='${prefix}/share'
docdir='${datarootdir}/doc/${PACKAGE_TARNAME}'
dot='no'
doxygen='no'
dvidir='${docdir}'
egrep='/usr/bin/egrep'
exec_prefix='${prefix}'
host='x86_64-apple-darwin20.6.0'
host_alias=''
host_cpu='x86_64'
host_os='darwin20.6.0'
host_vendor='apple'
htlatex='/Library/TeX/texbin/htlatex'
htmldir='${datarootdir}/doc/${PACKAGE_TARNAME}/html'
includedir='${prefix}/include'
infodir='${datarootdir}/info'
install_sh='${SHELL} /Users/devpatelio/Downloads/Coding/Computational_Biology/mRNA-Fold/setup/ViennaRNA-2.4.18/config/install-sh'
libdir='${exec_prefix}/lib'
libexecdir='${exec_prefix}/libexec'
localedir='${datarootdir}/locale'
localstatedir='${prefix}/var'
makeindex='/Library/TeX/texbin/makeindex'
mandir='${datarootdir}/man'
mkdir_p='$(MKDIR_P)'
oldincludedir='/usr/include'
pdfdir='${docdir}'
pdflatex='/Library/TeX/texbin/pdflatex'
perl='/usr/bin/perl'
prefix='/Users/devpatelio/foldingoptimizer/seqs'
program_transform_name='s,x,x,'
psdir='${docdir}'
py2execdir='${exec_prefix}/lib/python2.7/site-packages'
py3execdir='${exec_prefix}/lib/python3.9/site-packages'
python2dir='${prefix}/lib/python2.7/site-packages'
python3dir='${prefix}/lib/python3.9/site-packages'
runstatedir='${localstatedir}/run'
sbindir='${exec_prefix}/sbin'
sharedstatedir='${prefix}/com'
static const char SVG_structure_plot_footer[] = {
static const char SVG_structure_plot_header[] = {
static const unsigned char PS_aln_macro_base[] = {
static const unsigned char PS_dot_plot_macro_base[] = {
static const unsigned char PS_dot_plot_macro_linear_data[] = {
static const unsigned char PS_dot_plot_macro_sc_motifs[] = {
static const unsigned char PS_dot_plot_macro_sd[] = {
static const unsigned char PS_dot_plot_macro_turn[] = {
static const unsigned char PS_dot_plot_macro_ud[] = {
static const unsigned char PS_structure_plot_macro_base[] = {
static const unsigned char PS_structure_plot_macro_extras[] = {
static const unsigned char parameter_set_dna_mathews1999[] = {
static const unsigned char parameter_set_dna_mathews2004[] = {
static const unsigned char parameter_set_rna_andronescu2007[] = {
static const unsigned char parameter_set_rna_langdon2018[] = {
static const unsigned char parameter_set_rna_misc_special_hairpins[] = {
static const unsigned char parameter_set_rna_turner1999[] = {
static const unsigned char parameter_set_rna_turner2004[] = {
subdirs=' src/Kinfold src/RNAforester src/RNAlocmin'
sysconfdir='${prefix}/etc'
target_alias=''
};
};
};
};
};
};
};
};
};
};
};
};
};
};
};
};
};
};

## ----------- ##
## confdefs.h. ##
## ----------- ##

/* confdefs.h */
#define PACKAGE_NAME "ViennaRNA"
#define PACKAGE_TARNAME "ViennaRNA"
#define PACKAGE_VERSION "2.4.18"
#define PACKAGE_STRING "ViennaRNA 2.4.18"
#define PACKAGE_BUGREPORT "rna@tbi.univie.ac.at"
#define PACKAGE_URL "http://www.tbi.univie.ac.at/RNA"
#define HAVE_STDIO_H 1
#define HAVE_STDLIB_H 1
#define HAVE_STRING_H 1
#define HAVE_INTTYPES_H 1
#define HAVE_STDINT_H 1
#define HAVE_STRINGS_H 1
#define HAVE_SYS_STAT_H 1
#define HAVE_SYS_TYPES_H 1
#define HAVE_UNISTD_H 1
#define HAVE_WCHAR_H 1
#define STDC_HEADERS 1
#define _ALL_SOURCE 1
#define _DARWIN_C_SOURCE 1
#define _GNU_SOURCE 1
#define _HPUX_ALT_XOPEN_SOCKET_API 1
#define _NETBSD_SOURCE 1
#define _OPENBSD_SOURCE 1
#define _POSIX_PTHREAD_SEMANTICS 1
#define __STDC_WANT_IEC_60559_ATTRIBS_EXT__ 1
#define __STDC_WANT_IEC_60559_BFP_EXT__ 1
#define __STDC_WANT_IEC_60559_DFP_EXT__ 1
#define __STDC_WANT_IEC_60559_FUNCS_EXT__ 1
#define __STDC_WANT_IEC_60559_TYPES_EXT__ 1
#define __STDC_WANT_LIB_EXT2__ 1
#define __STDC_WANT_MATH_SPEC_FUNCS__ 1
#define _TANDEM_SOURCE 1
#define __EXTENSIONS__ 1
#define PACKAGE "ViennaRNA"
#define VERSION "2.4.18"
#define UNUSED __attribute__ ((unused))
#define HAVE_DLFCN_H 1
#define LT_OBJDIR ".libs/"
#define HAVE_LIBM 1
#define HAVE__BOOL 1
#define HAVE_STDBOOL_H 1
#define HAVE_FLOAT_H 1
#define HAVE_LIMITS_H 1
#define HAVE_STDLIB_H 1
#define HAVE_STRING_H 1
#define HAVE_STRINGS_H 1
#define HAVE_UNISTD_H 1
#define HAVE_MATH_H 1
#define HAVE_STDARG_H 1
#define HAVE_MALLOC 1
#define HAVE_REALLOC 1
#define HAVE_FLOOR 1
#define HAVE_STRDUP 1
#define HAVE_STRSTR 1
#define HAVE_STRCHR 1
#define HAVE_STRRCHR 1
#define HAVE_STRSTR 1
#define HAVE_STRTOL 1
#define HAVE_STRTOUL 1
#define HAVE_POW 1
#define HAVE_RINT 1
#define HAVE_SQRT 1
#define HAVE_ERAND48 1
#define HAVE_MEMSET 1
#define HAVE_MEMMOVE 1
#define HAVE_ERAND48 1
#define HAVE_ASPRINTF 1
#define HAVE_VASPRINTF 1
#define VRNA_WITH_SVM 1
#define VRNA_WITH_JSON_SUPPORT 1
#define HAVE_PTHREAD_PRIO_INHERIT 1
#define VRNA_WITH_PTHREADS 1
#define VRNA_WITH_BOUSTROPHEDON 1
#define VRNA_WITH_SIMD_AVX512 1
#define VRNA_WITH_SIMD_SSE41 1
#define VRNA_NR_SAMPLING_MPFR 1
#define WITH_PERL_INTERFACE 1
#define WITH_PYTHON2_INTERFACE 1
#define WITH_PYTHON3_INTERFACE 1

configure: exit 0
